2022-03-19 09:15:50.550 +08:00 [SmartLibrary.DataCenter] [Information] SkyApm.InstrumentStartup : Initializing ...
2022-03-19 09:15:50.599 +08:00 [SmartLibrary.DataCenter] [Information] SkyApm.Service.RegisterService : Loaded instrument service [SkyApm.Service.RegisterService].
2022-03-19 09:15:50.599 +08:00 [SmartLibrary.DataCenter] [Information] SkyApm.Service.PingService : Loaded instrument service [SkyApm.Service.PingService].
2022-03-19 09:15:50.599 +08:00 [SmartLibrary.DataCenter] [Information] SkyApm.Service.SegmentReportService : Loaded instrument service [SkyApm.Service.SegmentReportService].
2022-03-19 09:15:50.608 +08:00 [SmartLibrary.DataCenter] [Information] SkyApm.Service.CLRStatsService : Loaded instrument service [SkyApm.Service.CLRStatsService].
2022-03-19 09:15:50.608 +08:00 [SmartLibrary.DataCenter] [Information] SkyApm.Sampling.SimpleCountSamplingInterceptor : Loaded instrument service [SkyApm.Sampling.SimpleCountSamplingInterceptor].
2022-03-19 09:15:50.608 +08:00 [SmartLibrary.DataCenter] [Information] SkyApm.Transport.Grpc.ConnectService : Loaded instrument service [SkyApm.Transport.Grpc.ConnectService].
2022-03-19 09:15:50.711 +08:00 [SmartLibrary.DataCenter] [Information] SkyApm.Diagnostics.TracingDiagnosticProcessorObserver : Loaded diagnostic listener [CapDiagnosticListener].
2022-03-19 09:15:50.712 +08:00 [SmartLibrary.DataCenter] [Information] SkyApm.Diagnostics.TracingDiagnosticProcessorObserver : Loaded diagnostic listener [SqlClientDiagnosticListener].
2022-03-19 09:15:50.712 +08:00 [SmartLibrary.DataCenter] [Information] SkyApm.Diagnostics.TracingDiagnosticProcessorObserver : Loaded diagnostic listener [Microsoft.AspNetCore].
2022-03-19 09:15:50.713 +08:00 [SmartLibrary.DataCenter] [Information] SkyApm.Diagnostics.TracingDiagnosticProcessorObserver : Loaded diagnostic listener [HttpHandlerDiagnosticListener].
2022-03-19 09:15:50.713 +08:00 [SmartLibrary.DataCenter] [Information] SkyApm.InstrumentStartup : Started SkyAPM .NET Core Agent.
2022-03-19 09:17:20.262 +08:00 [SmartLibrary.DataCenter] [Information] SkyApm.InstrumentStartup : Initializing ...
2022-03-19 09:17:20.295 +08:00 [SmartLibrary.DataCenter] [Information] SkyApm.Service.RegisterService : Loaded instrument service [SkyApm.Service.RegisterService].
2022-03-19 09:17:20.295 +08:00 [SmartLibrary.DataCenter] [Information] SkyApm.Service.PingService : Loaded instrument service [SkyApm.Service.PingService].
2022-03-19 09:17:20.295 +08:00 [SmartLibrary.DataCenter] [Information] SkyApm.Service.SegmentReportService : Loaded instrument service [SkyApm.Service.SegmentReportService].
2022-03-19 09:17:20.295 +08:00 [SmartLibrary.DataCenter] [Information] SkyApm.Service.CLRStatsService : Loaded instrument service [SkyApm.Service.CLRStatsService].
2022-03-19 09:17:20.295 +08:00 [SmartLibrary.DataCenter] [Information] SkyApm.Sampling.SimpleCountSamplingInterceptor : Loaded instrument service [SkyApm.Sampling.SimpleCountSamplingInterceptor].
2022-03-19 09:17:20.295 +08:00 [SmartLibrary.DataCenter] [Information] SkyApm.Transport.Grpc.ConnectService : Loaded instrument service [SkyApm.Transport.Grpc.ConnectService].
2022-03-19 09:17:20.328 +08:00 [SmartLibrary.DataCenter] [Information] SkyApm.Diagnostics.TracingDiagnosticProcessorObserver : Loaded diagnostic listener [CapDiagnosticListener].
2022-03-19 09:17:20.329 +08:00 [SmartLibrary.DataCenter] [Information] SkyApm.Diagnostics.TracingDiagnosticProcessorObserver : Loaded diagnostic listener [SqlClientDiagnosticListener].
2022-03-19 09:17:20.330 +08:00 [SmartLibrary.DataCenter] [Information] SkyApm.Diagnostics.TracingDiagnosticProcessorObserver : Loaded diagnostic listener [Microsoft.AspNetCore].
2022-03-19 09:17:20.330 +08:00 [SmartLibrary.DataCenter] [Information] SkyApm.Diagnostics.TracingDiagnosticProcessorObserver : Loaded diagnostic listener [HttpHandlerDiagnosticListener].
2022-03-19 09:17:20.330 +08:00 [SmartLibrary.DataCenter] [Information] SkyApm.InstrumentStartup : Started SkyAPM .NET Core Agent.
2022-03-19 09:19:00.602 +08:00 [SmartLibrary.DataCenter] [Error] SkyApm.Transport.Grpc.ConnectionManager : Connect server timeout.
System.Threading.Tasks.TaskCanceledException: Reached deadline.
   at Grpc.Core.Channel.WaitForStateChangedAsync(ChannelState lastObservedState, Nullable`1 deadline)
   at Grpc.Core.Channel.ConnectAsync(Nullable`1 deadline)
   at SkyApm.Transport.Grpc.ConnectionManager.ConnectAsync()
2022-03-19 09:19:00.829 +08:00 [SmartLibrary.DataCenter] [Information] SkyApm.Transport.Grpc.ConnectionManager : Shutdown connection[192.168.21.71:11800].
2022-03-19 09:20:40.947 +08:00 [SmartLibrary.DataCenter] [Error] SkyApm.Transport.Grpc.ConnectionManager : Connect server timeout.
System.Threading.Tasks.TaskCanceledException: Reached deadline.
   at Grpc.Core.Channel.WaitForStateChangedAsync(ChannelState lastObservedState, Nullable`1 deadline)
   at Grpc.Core.Channel.ConnectAsync(Nullable`1 deadline)
   at SkyApm.Transport.Grpc.ConnectionManager.ConnectAsync()
2022-03-19 09:20:40.960 +08:00 [SmartLibrary.DataCenter] [Information] SkyApm.Transport.Grpc.ConnectionManager : Shutdown connection[192.168.21.71:11800].
2022-03-19 09:21:22.318 +08:00 [SmartLibrary.DataCenter] [Information] SkyApm.InstrumentStartup : Initializing ...
2022-03-19 09:21:22.351 +08:00 [SmartLibrary.DataCenter] [Information] SkyApm.Service.RegisterService : Loaded instrument service [SkyApm.Service.RegisterService].
2022-03-19 09:21:22.352 +08:00 [SmartLibrary.DataCenter] [Information] SkyApm.Service.PingService : Loaded instrument service [SkyApm.Service.PingService].
2022-03-19 09:21:22.352 +08:00 [SmartLibrary.DataCenter] [Information] SkyApm.Service.SegmentReportService : Loaded instrument service [SkyApm.Service.SegmentReportService].
2022-03-19 09:21:22.352 +08:00 [SmartLibrary.DataCenter] [Information] SkyApm.Service.CLRStatsService : Loaded instrument service [SkyApm.Service.CLRStatsService].
2022-03-19 09:21:22.352 +08:00 [SmartLibrary.DataCenter] [Information] SkyApm.Sampling.SimpleCountSamplingInterceptor : Loaded instrument service [SkyApm.Sampling.SimpleCountSamplingInterceptor].
2022-03-19 09:21:22.352 +08:00 [SmartLibrary.DataCenter] [Information] SkyApm.Transport.Grpc.ConnectService : Loaded instrument service [SkyApm.Transport.Grpc.ConnectService].
2022-03-19 09:21:22.386 +08:00 [SmartLibrary.DataCenter] [Information] SkyApm.Diagnostics.TracingDiagnosticProcessorObserver : Loaded diagnostic listener [CapDiagnosticListener].
2022-03-19 09:21:22.388 +08:00 [SmartLibrary.DataCenter] [Information] SkyApm.Diagnostics.TracingDiagnosticProcessorObserver : Loaded diagnostic listener [SqlClientDiagnosticListener].
2022-03-19 09:21:22.388 +08:00 [SmartLibrary.DataCenter] [Information] SkyApm.Diagnostics.TracingDiagnosticProcessorObserver : Loaded diagnostic listener [Microsoft.AspNetCore].
2022-03-19 09:21:22.389 +08:00 [SmartLibrary.DataCenter] [Information] SkyApm.Diagnostics.TracingDiagnosticProcessorObserver : Loaded diagnostic listener [HttpHandlerDiagnosticListener].
2022-03-19 09:21:22.389 +08:00 [SmartLibrary.DataCenter] [Information] SkyApm.InstrumentStartup : Started SkyAPM .NET Core Agent.
2022-03-19 09:23:02.438 +08:00 [SmartLibrary.DataCenter] [Error] SkyApm.Transport.Grpc.ConnectionManager : Connect server timeout.
System.Threading.Tasks.TaskCanceledException: Reached deadline.
   at Grpc.Core.Channel.WaitForStateChangedAsync(ChannelState lastObservedState, Nullable`1 deadline)
   at Grpc.Core.Channel.ConnectAsync(Nullable`1 deadline)
   at SkyApm.Transport.Grpc.ConnectionManager.ConnectAsync()
2022-03-19 09:23:02.454 +08:00 [SmartLibrary.DataCenter] [Information] SkyApm.Transport.Grpc.ConnectionManager : Shutdown connection[192.168.21.71:11800].
2022-03-19 09:24:42.468 +08:00 [SmartLibrary.DataCenter] [Error] SkyApm.Transport.Grpc.ConnectionManager : Connect server timeout.
System.Threading.Tasks.TaskCanceledException: Reached deadline.
   at Grpc.Core.Channel.WaitForStateChangedAsync(ChannelState lastObservedState, Nullable`1 deadline)
   at Grpc.Core.Channel.ConnectAsync(Nullable`1 deadline)
   at SkyApm.Transport.Grpc.ConnectionManager.ConnectAsync()
2022-03-19 09:24:42.479 +08:00 [SmartLibrary.DataCenter] [Information] SkyApm.Transport.Grpc.ConnectionManager : Shutdown connection[192.168.21.71:11800].
2022-03-19 09:26:24.014 +08:00 [SmartLibrary.DataCenter] [Information] SkyApm.InstrumentStartup : Initializing ...
2022-03-19 09:26:24.040 +08:00 [SmartLibrary.DataCenter] [Information] SkyApm.Service.RegisterService : Loaded instrument service [SkyApm.Service.RegisterService].
2022-03-19 09:26:24.040 +08:00 [SmartLibrary.DataCenter] [Information] SkyApm.Service.PingService : Loaded instrument service [SkyApm.Service.PingService].
2022-03-19 09:26:24.040 +08:00 [SmartLibrary.DataCenter] [Information] SkyApm.Service.SegmentReportService : Loaded instrument service [SkyApm.Service.SegmentReportService].
2022-03-19 09:26:24.040 +08:00 [SmartLibrary.DataCenter] [Information] SkyApm.Service.CLRStatsService : Loaded instrument service [SkyApm.Service.CLRStatsService].
2022-03-19 09:26:24.040 +08:00 [SmartLibrary.DataCenter] [Information] SkyApm.Sampling.SimpleCountSamplingInterceptor : Loaded instrument service [SkyApm.Sampling.SimpleCountSamplingInterceptor].
2022-03-19 09:26:24.040 +08:00 [SmartLibrary.DataCenter] [Information] SkyApm.Transport.Grpc.ConnectService : Loaded instrument service [SkyApm.Transport.Grpc.ConnectService].
2022-03-19 09:26:24.073 +08:00 [SmartLibrary.DataCenter] [Information] SkyApm.Diagnostics.TracingDiagnosticProcessorObserver : Loaded diagnostic listener [CapDiagnosticListener].
2022-03-19 09:26:24.075 +08:00 [SmartLibrary.DataCenter] [Information] SkyApm.Diagnostics.TracingDiagnosticProcessorObserver : Loaded diagnostic listener [SqlClientDiagnosticListener].
2022-03-19 09:26:24.076 +08:00 [SmartLibrary.DataCenter] [Information] SkyApm.Diagnostics.TracingDiagnosticProcessorObserver : Loaded diagnostic listener [Microsoft.AspNetCore].
2022-03-19 09:26:24.077 +08:00 [SmartLibrary.DataCenter] [Information] SkyApm.Diagnostics.TracingDiagnosticProcessorObserver : Loaded diagnostic listener [HttpHandlerDiagnosticListener].
2022-03-19 09:26:24.077 +08:00 [SmartLibrary.DataCenter] [Information] SkyApm.InstrumentStartup : Started SkyAPM .NET Core Agent.
2022-03-19 09:29:19.747 +08:00 [SmartLibrary.DataCenter] [Information] SkyApm.InstrumentStartup : Initializing ...
2022-03-19 09:29:19.776 +08:00 [SmartLibrary.DataCenter] [Information] SkyApm.Service.RegisterService : Loaded instrument service [SkyApm.Service.RegisterService].
2022-03-19 09:29:19.777 +08:00 [SmartLibrary.DataCenter] [Information] SkyApm.Service.PingService : Loaded instrument service [SkyApm.Service.PingService].
2022-03-19 09:29:19.777 +08:00 [SmartLibrary.DataCenter] [Information] SkyApm.Service.SegmentReportService : Loaded instrument service [SkyApm.Service.SegmentReportService].
2022-03-19 09:29:19.777 +08:00 [SmartLibrary.DataCenter] [Information] SkyApm.Service.CLRStatsService : Loaded instrument service [SkyApm.Service.CLRStatsService].
2022-03-19 09:29:19.777 +08:00 [SmartLibrary.DataCenter] [Information] SkyApm.Sampling.SimpleCountSamplingInterceptor : Loaded instrument service [SkyApm.Sampling.SimpleCountSamplingInterceptor].
2022-03-19 09:29:19.777 +08:00 [SmartLibrary.DataCenter] [Information] SkyApm.Transport.Grpc.ConnectService : Loaded instrument service [SkyApm.Transport.Grpc.ConnectService].
2022-03-19 09:29:19.811 +08:00 [SmartLibrary.DataCenter] [Information] SkyApm.Diagnostics.TracingDiagnosticProcessorObserver : Loaded diagnostic listener [CapDiagnosticListener].
2022-03-19 09:29:19.812 +08:00 [SmartLibrary.DataCenter] [Information] SkyApm.Diagnostics.TracingDiagnosticProcessorObserver : Loaded diagnostic listener [SqlClientDiagnosticListener].
2022-03-19 09:29:19.812 +08:00 [SmartLibrary.DataCenter] [Information] SkyApm.Diagnostics.TracingDiagnosticProcessorObserver : Loaded diagnostic listener [Microsoft.AspNetCore].
2022-03-19 09:29:19.813 +08:00 [SmartLibrary.DataCenter] [Information] SkyApm.Diagnostics.TracingDiagnosticProcessorObserver : Loaded diagnostic listener [HttpHandlerDiagnosticListener].
2022-03-19 09:29:19.813 +08:00 [SmartLibrary.DataCenter] [Information] SkyApm.InstrumentStartup : Started SkyAPM .NET Core Agent.
2022-03-19 09:30:06.828 +08:00 [SmartLibrary.DataCenter] [Information] SkyApm.InstrumentStartup : Initializing ...
2022-03-19 09:30:06.855 +08:00 [SmartLibrary.DataCenter] [Information] SkyApm.Service.RegisterService : Loaded instrument service [SkyApm.Service.RegisterService].
2022-03-19 09:30:06.855 +08:00 [SmartLibrary.DataCenter] [Information] SkyApm.Service.PingService : Loaded instrument service [SkyApm.Service.PingService].
2022-03-19 09:30:06.855 +08:00 [SmartLibrary.DataCenter] [Information] SkyApm.Service.SegmentReportService : Loaded instrument service [SkyApm.Service.SegmentReportService].
2022-03-19 09:30:06.855 +08:00 [SmartLibrary.DataCenter] [Information] SkyApm.Service.CLRStatsService : Loaded instrument service [SkyApm.Service.CLRStatsService].
2022-03-19 09:30:06.855 +08:00 [SmartLibrary.DataCenter] [Information] SkyApm.Sampling.SimpleCountSamplingInterceptor : Loaded instrument service [SkyApm.Sampling.SimpleCountSamplingInterceptor].
2022-03-19 09:30:06.856 +08:00 [SmartLibrary.DataCenter] [Information] SkyApm.Transport.Grpc.ConnectService : Loaded instrument service [SkyApm.Transport.Grpc.ConnectService].
2022-03-19 09:30:06.887 +08:00 [SmartLibrary.DataCenter] [Information] SkyApm.Diagnostics.TracingDiagnosticProcessorObserver : Loaded diagnostic listener [CapDiagnosticListener].
2022-03-19 09:30:06.888 +08:00 [SmartLibrary.DataCenter] [Information] SkyApm.Diagnostics.TracingDiagnosticProcessorObserver : Loaded diagnostic listener [SqlClientDiagnosticListener].
2022-03-19 09:30:06.889 +08:00 [SmartLibrary.DataCenter] [Information] SkyApm.Diagnostics.TracingDiagnosticProcessorObserver : Loaded diagnostic listener [Microsoft.AspNetCore].
2022-03-19 09:30:06.889 +08:00 [SmartLibrary.DataCenter] [Information] SkyApm.Diagnostics.TracingDiagnosticProcessorObserver : Loaded diagnostic listener [HttpHandlerDiagnosticListener].
2022-03-19 09:30:06.889 +08:00 [SmartLibrary.DataCenter] [Information] SkyApm.InstrumentStartup : Started SkyAPM .NET Core Agent.
2022-03-19 09:32:53.902 +08:00 [SmartLibrary.DataCenter] [Information] SkyApm.InstrumentStartup : Initializing ...
2022-03-19 09:32:53.926 +08:00 [SmartLibrary.DataCenter] [Information] SkyApm.Service.RegisterService : Loaded instrument service [SkyApm.Service.RegisterService].
2022-03-19 09:32:53.926 +08:00 [SmartLibrary.DataCenter] [Information] SkyApm.Service.PingService : Loaded instrument service [SkyApm.Service.PingService].
2022-03-19 09:32:53.926 +08:00 [SmartLibrary.DataCenter] [Information] SkyApm.Service.SegmentReportService : Loaded instrument service [SkyApm.Service.SegmentReportService].
2022-03-19 09:32:53.927 +08:00 [SmartLibrary.DataCenter] [Information] SkyApm.Service.CLRStatsService : Loaded instrument service [SkyApm.Service.CLRStatsService].
2022-03-19 09:32:54.001 +08:00 [SmartLibrary.DataCenter] [Information] SkyApm.Sampling.SimpleCountSamplingInterceptor : Loaded instrument service [SkyApm.Sampling.SimpleCountSamplingInterceptor].
2022-03-19 09:32:54.002 +08:00 [SmartLibrary.DataCenter] [Information] SkyApm.Transport.Grpc.ConnectService : Loaded instrument service [SkyApm.Transport.Grpc.ConnectService].
2022-03-19 09:32:54.030 +08:00 [SmartLibrary.DataCenter] [Information] SkyApm.Diagnostics.TracingDiagnosticProcessorObserver : Loaded diagnostic listener [CapDiagnosticListener].
2022-03-19 09:32:54.032 +08:00 [SmartLibrary.DataCenter] [Information] SkyApm.Diagnostics.TracingDiagnosticProcessorObserver : Loaded diagnostic listener [SqlClientDiagnosticListener].
2022-03-19 09:32:54.032 +08:00 [SmartLibrary.DataCenter] [Information] SkyApm.Diagnostics.TracingDiagnosticProcessorObserver : Loaded diagnostic listener [Microsoft.AspNetCore].
2022-03-19 09:32:54.033 +08:00 [SmartLibrary.DataCenter] [Information] SkyApm.Diagnostics.TracingDiagnosticProcessorObserver : Loaded diagnostic listener [HttpHandlerDiagnosticListener].
2022-03-19 09:32:54.033 +08:00 [SmartLibrary.DataCenter] [Information] SkyApm.InstrumentStartup : Started SkyAPM .NET Core Agent.
2022-03-19 09:34:14.512 +08:00 [SmartLibrary.DataCenter] [Information] SkyApm.InstrumentStartup : Initializing ...
2022-03-19 09:34:14.539 +08:00 [SmartLibrary.DataCenter] [Information] SkyApm.Service.RegisterService : Loaded instrument service [SkyApm.Service.RegisterService].
2022-03-19 09:34:14.539 +08:00 [SmartLibrary.DataCenter] [Information] SkyApm.Service.PingService : Loaded instrument service [SkyApm.Service.PingService].
2022-03-19 09:34:14.539 +08:00 [SmartLibrary.DataCenter] [Information] SkyApm.Service.SegmentReportService : Loaded instrument service [SkyApm.Service.SegmentReportService].
2022-03-19 09:34:14.539 +08:00 [SmartLibrary.DataCenter] [Information] SkyApm.Service.CLRStatsService : Loaded instrument service [SkyApm.Service.CLRStatsService].
2022-03-19 09:34:14.539 +08:00 [SmartLibrary.DataCenter] [Information] SkyApm.Sampling.SimpleCountSamplingInterceptor : Loaded instrument service [SkyApm.Sampling.SimpleCountSamplingInterceptor].
2022-03-19 09:34:14.539 +08:00 [SmartLibrary.DataCenter] [Information] SkyApm.Transport.Grpc.ConnectService : Loaded instrument service [SkyApm.Transport.Grpc.ConnectService].
2022-03-19 09:34:14.573 +08:00 [SmartLibrary.DataCenter] [Information] SkyApm.Diagnostics.TracingDiagnosticProcessorObserver : Loaded diagnostic listener [CapDiagnosticListener].
2022-03-19 09:34:14.575 +08:00 [SmartLibrary.DataCenter] [Information] SkyApm.Diagnostics.TracingDiagnosticProcessorObserver : Loaded diagnostic listener [SqlClientDiagnosticListener].
2022-03-19 09:34:14.576 +08:00 [SmartLibrary.DataCenter] [Information] SkyApm.Diagnostics.TracingDiagnosticProcessorObserver : Loaded diagnostic listener [Microsoft.AspNetCore].
2022-03-19 09:34:14.577 +08:00 [SmartLibrary.DataCenter] [Information] SkyApm.Diagnostics.TracingDiagnosticProcessorObserver : Loaded diagnostic listener [HttpHandlerDiagnosticListener].
2022-03-19 09:34:14.577 +08:00 [SmartLibrary.DataCenter] [Information] SkyApm.InstrumentStartup : Started SkyAPM .NET Core Agent.
2022-03-19 09:35:54.625 +08:00 [SmartLibrary.DataCenter] [Error] SkyApm.Transport.Grpc.ConnectionManager : Connect server timeout.
System.Threading.Tasks.TaskCanceledException: Reached deadline.
   at Grpc.Core.Channel.WaitForStateChangedAsync(ChannelState lastObservedState, Nullable`1 deadline)
   at Grpc.Core.Channel.ConnectAsync(Nullable`1 deadline)
   at SkyApm.Transport.Grpc.ConnectionManager.ConnectAsync()
2022-03-19 09:35:54.642 +08:00 [SmartLibrary.DataCenter] [Information] SkyApm.Transport.Grpc.ConnectionManager : Shutdown connection[192.168.21.71:11800].
2022-03-19 09:37:34.658 +08:00 [SmartLibrary.DataCenter] [Error] SkyApm.Transport.Grpc.ConnectionManager : Connect server timeout.
System.Threading.Tasks.TaskCanceledException: Reached deadline.
   at Grpc.Core.Channel.WaitForStateChangedAsync(ChannelState lastObservedState, Nullable`1 deadline)
   at Grpc.Core.Channel.ConnectAsync(Nullable`1 deadline)
   at SkyApm.Transport.Grpc.ConnectionManager.ConnectAsync()
2022-03-19 09:37:34.670 +08:00 [SmartLibrary.DataCenter] [Information] SkyApm.Transport.Grpc.ConnectionManager : Shutdown connection[192.168.21.71:11800].
2022-03-19 09:39:14.683 +08:00 [SmartLibrary.DataCenter] [Error] SkyApm.Transport.Grpc.ConnectionManager : Connect server timeout.
System.Threading.Tasks.TaskCanceledException: Reached deadline.
   at Grpc.Core.Channel.WaitForStateChangedAsync(ChannelState lastObservedState, Nullable`1 deadline)
   at Grpc.Core.Channel.ConnectAsync(Nullable`1 deadline)
   at SkyApm.Transport.Grpc.ConnectionManager.ConnectAsync()
2022-03-19 09:39:14.694 +08:00 [SmartLibrary.DataCenter] [Information] SkyApm.Transport.Grpc.ConnectionManager : Shutdown connection[192.168.21.71:11800].
2022-03-19 09:40:54.705 +08:00 [SmartLibrary.DataCenter] [Error] SkyApm.Transport.Grpc.ConnectionManager : Connect server timeout.
System.Threading.Tasks.TaskCanceledException: Reached deadline.
   at Grpc.Core.Channel.WaitForStateChangedAsync(ChannelState lastObservedState, Nullable`1 deadline)
   at Grpc.Core.Channel.ConnectAsync(Nullable`1 deadline)
   at SkyApm.Transport.Grpc.ConnectionManager.ConnectAsync()
2022-03-19 09:40:54.715 +08:00 [SmartLibrary.DataCenter] [Information] SkyApm.Transport.Grpc.ConnectionManager : Shutdown connection[192.168.21.71:11800].
2022-03-19 09:42:34.729 +08:00 [SmartLibrary.DataCenter] [Error] SkyApm.Transport.Grpc.ConnectionManager : Connect server timeout.
System.Threading.Tasks.TaskCanceledException: Reached deadline.
   at Grpc.Core.Channel.WaitForStateChangedAsync(ChannelState lastObservedState, Nullable`1 deadline)
   at Grpc.Core.Channel.ConnectAsync(Nullable`1 deadline)
   at SkyApm.Transport.Grpc.ConnectionManager.ConnectAsync()
2022-03-19 09:42:34.740 +08:00 [SmartLibrary.DataCenter] [Information] SkyApm.Transport.Grpc.ConnectionManager : Shutdown connection[192.168.21.71:11800].
2022-03-19 09:44:14.760 +08:00 [SmartLibrary.DataCenter] [Error] SkyApm.Transport.Grpc.ConnectionManager : Connect server timeout.
System.Threading.Tasks.TaskCanceledException: Reached deadline.
   at Grpc.Core.Channel.WaitForStateChangedAsync(ChannelState lastObservedState, Nullable`1 deadline)
   at Grpc.Core.Channel.ConnectAsync(Nullable`1 deadline)
   at SkyApm.Transport.Grpc.ConnectionManager.ConnectAsync()
2022-03-19 09:44:14.773 +08:00 [SmartLibrary.DataCenter] [Information] SkyApm.Transport.Grpc.ConnectionManager : Shutdown connection[192.168.21.71:11800].
2022-03-19 09:45:54.796 +08:00 [SmartLibrary.DataCenter] [Error] SkyApm.Transport.Grpc.ConnectionManager : Connect server timeout.
System.Threading.Tasks.TaskCanceledException: Reached deadline.
   at Grpc.Core.Channel.WaitForStateChangedAsync(ChannelState lastObservedState, Nullable`1 deadline)
   at Grpc.Core.Channel.ConnectAsync(Nullable`1 deadline)
   at SkyApm.Transport.Grpc.ConnectionManager.ConnectAsync()
2022-03-19 09:45:54.804 +08:00 [SmartLibrary.DataCenter] [Information] SkyApm.Transport.Grpc.ConnectionManager : Shutdown connection[192.168.21.71:11800].
2022-03-19 09:47:04.361 +08:00 [SmartLibrary.DataCenter] [Information] SkyApm.InstrumentStartup : Initializing ...
2022-03-19 09:47:04.389 +08:00 [SmartLibrary.DataCenter] [Information] SkyApm.Service.RegisterService : Loaded instrument service [SkyApm.Service.RegisterService].
2022-03-19 09:47:04.390 +08:00 [SmartLibrary.DataCenter] [Information] SkyApm.Service.PingService : Loaded instrument service [SkyApm.Service.PingService].
2022-03-19 09:47:04.390 +08:00 [SmartLibrary.DataCenter] [Information] SkyApm.Service.SegmentReportService : Loaded instrument service [SkyApm.Service.SegmentReportService].
2022-03-19 09:47:04.390 +08:00 [SmartLibrary.DataCenter] [Information] SkyApm.Service.CLRStatsService : Loaded instrument service [SkyApm.Service.CLRStatsService].
2022-03-19 09:47:04.390 +08:00 [SmartLibrary.DataCenter] [Information] SkyApm.Sampling.SimpleCountSamplingInterceptor : Loaded instrument service [SkyApm.Sampling.SimpleCountSamplingInterceptor].
2022-03-19 09:47:04.390 +08:00 [SmartLibrary.DataCenter] [Information] SkyApm.Transport.Grpc.ConnectService : Loaded instrument service [SkyApm.Transport.Grpc.ConnectService].
2022-03-19 09:47:04.428 +08:00 [SmartLibrary.DataCenter] [Information] SkyApm.Diagnostics.TracingDiagnosticProcessorObserver : Loaded diagnostic listener [CapDiagnosticListener].
2022-03-19 09:47:04.430 +08:00 [SmartLibrary.DataCenter] [Information] SkyApm.Diagnostics.TracingDiagnosticProcessorObserver : Loaded diagnostic listener [SqlClientDiagnosticListener].
2022-03-19 09:47:04.430 +08:00 [SmartLibrary.DataCenter] [Information] SkyApm.Diagnostics.TracingDiagnosticProcessorObserver : Loaded diagnostic listener [Microsoft.AspNetCore].
2022-03-19 09:47:04.431 +08:00 [SmartLibrary.DataCenter] [Information] SkyApm.Diagnostics.TracingDiagnosticProcessorObserver : Loaded diagnostic listener [HttpHandlerDiagnosticListener].
2022-03-19 09:47:04.431 +08:00 [SmartLibrary.DataCenter] [Information] SkyApm.InstrumentStartup : Started SkyAPM .NET Core Agent.
2022-03-19 09:48:39.137 +08:00 [SmartLibrary.DataCenter] [Information] SkyApm.InstrumentStartup : Initializing ...
2022-03-19 09:48:39.164 +08:00 [SmartLibrary.DataCenter] [Information] SkyApm.Service.RegisterService : Loaded instrument service [SkyApm.Service.RegisterService].
2022-03-19 09:48:39.164 +08:00 [SmartLibrary.DataCenter] [Information] SkyApm.Service.PingService : Loaded instrument service [SkyApm.Service.PingService].
2022-03-19 09:48:39.164 +08:00 [SmartLibrary.DataCenter] [Information] SkyApm.Service.SegmentReportService : Loaded instrument service [SkyApm.Service.SegmentReportService].
2022-03-19 09:48:39.164 +08:00 [SmartLibrary.DataCenter] [Information] SkyApm.Service.CLRStatsService : Loaded instrument service [SkyApm.Service.CLRStatsService].
2022-03-19 09:48:39.165 +08:00 [SmartLibrary.DataCenter] [Information] SkyApm.Sampling.SimpleCountSamplingInterceptor : Loaded instrument service [SkyApm.Sampling.SimpleCountSamplingInterceptor].
2022-03-19 09:48:39.165 +08:00 [SmartLibrary.DataCenter] [Information] SkyApm.Transport.Grpc.ConnectService : Loaded instrument service [SkyApm.Transport.Grpc.ConnectService].
2022-03-19 09:48:39.197 +08:00 [SmartLibrary.DataCenter] [Information] SkyApm.Diagnostics.TracingDiagnosticProcessorObserver : Loaded diagnostic listener [CapDiagnosticListener].
2022-03-19 09:48:39.198 +08:00 [SmartLibrary.DataCenter] [Information] SkyApm.Diagnostics.TracingDiagnosticProcessorObserver : Loaded diagnostic listener [SqlClientDiagnosticListener].
2022-03-19 09:48:39.199 +08:00 [SmartLibrary.DataCenter] [Information] SkyApm.Diagnostics.TracingDiagnosticProcessorObserver : Loaded diagnostic listener [Microsoft.AspNetCore].
2022-03-19 09:48:39.199 +08:00 [SmartLibrary.DataCenter] [Information] SkyApm.Diagnostics.TracingDiagnosticProcessorObserver : Loaded diagnostic listener [HttpHandlerDiagnosticListener].
2022-03-19 09:48:39.199 +08:00 [SmartLibrary.DataCenter] [Information] SkyApm.InstrumentStartup : Started SkyAPM .NET Core Agent.
2022-03-19 09:50:19.272 +08:00 [SmartLibrary.DataCenter] [Error] SkyApm.Transport.Grpc.ConnectionManager : Connect server timeout.
System.Threading.Tasks.TaskCanceledException: Reached deadline.
   at Grpc.Core.Channel.WaitForStateChangedAsync(ChannelState lastObservedState, Nullable`1 deadline)
   at Grpc.Core.Channel.ConnectAsync(Nullable`1 deadline)
   at SkyApm.Transport.Grpc.ConnectionManager.ConnectAsync()
2022-03-19 09:50:19.286 +08:00 [SmartLibrary.DataCenter] [Information] SkyApm.Transport.Grpc.ConnectionManager : Shutdown connection[192.168.21.71:11800].
2022-03-19 09:51:22.388 +08:00 [SmartLibrary.DataCenter] [Information] SkyApm.InstrumentStartup : Initializing ...
2022-03-19 09:51:22.413 +08:00 [SmartLibrary.DataCenter] [Information] SkyApm.Service.RegisterService : Loaded instrument service [SkyApm.Service.RegisterService].
2022-03-19 09:51:22.413 +08:00 [SmartLibrary.DataCenter] [Information] SkyApm.Service.PingService : Loaded instrument service [SkyApm.Service.PingService].
2022-03-19 09:51:22.413 +08:00 [SmartLibrary.DataCenter] [Information] SkyApm.Service.SegmentReportService : Loaded instrument service [SkyApm.Service.SegmentReportService].
2022-03-19 09:51:22.413 +08:00 [SmartLibrary.DataCenter] [Information] SkyApm.Service.CLRStatsService : Loaded instrument service [SkyApm.Service.CLRStatsService].
2022-03-19 09:51:22.413 +08:00 [SmartLibrary.DataCenter] [Information] SkyApm.Sampling.SimpleCountSamplingInterceptor : Loaded instrument service [SkyApm.Sampling.SimpleCountSamplingInterceptor].
2022-03-19 09:51:22.414 +08:00 [SmartLibrary.DataCenter] [Information] SkyApm.Transport.Grpc.ConnectService : Loaded instrument service [SkyApm.Transport.Grpc.ConnectService].
2022-03-19 09:51:22.445 +08:00 [SmartLibrary.DataCenter] [Information] SkyApm.Diagnostics.TracingDiagnosticProcessorObserver : Loaded diagnostic listener [CapDiagnosticListener].
2022-03-19 09:51:22.446 +08:00 [SmartLibrary.DataCenter] [Information] SkyApm.Diagnostics.TracingDiagnosticProcessorObserver : Loaded diagnostic listener [SqlClientDiagnosticListener].
2022-03-19 09:51:22.447 +08:00 [SmartLibrary.DataCenter] [Information] SkyApm.Diagnostics.TracingDiagnosticProcessorObserver : Loaded diagnostic listener [Microsoft.AspNetCore].
2022-03-19 09:51:22.447 +08:00 [SmartLibrary.DataCenter] [Information] SkyApm.Diagnostics.TracingDiagnosticProcessorObserver : Loaded diagnostic listener [HttpHandlerDiagnosticListener].
2022-03-19 09:51:22.447 +08:00 [SmartLibrary.DataCenter] [Information] SkyApm.InstrumentStartup : Started SkyAPM .NET Core Agent.
2022-03-19 09:53:02.498 +08:00 [SmartLibrary.DataCenter] [Error] SkyApm.Transport.Grpc.ConnectionManager : Connect server timeout.
System.Threading.Tasks.TaskCanceledException: Reached deadline.
   at Grpc.Core.Channel.WaitForStateChangedAsync(ChannelState lastObservedState, Nullable`1 deadline)
   at Grpc.Core.Channel.ConnectAsync(Nullable`1 deadline)
   at SkyApm.Transport.Grpc.ConnectionManager.ConnectAsync()
2022-03-19 09:53:02.512 +08:00 [SmartLibrary.DataCenter] [Information] SkyApm.Transport.Grpc.ConnectionManager : Shutdown connection[192.168.21.71:11800].
2022-03-19 09:53:56.122 +08:00 [SmartLibrary.DataCenter] [Information] SkyApm.InstrumentStartup : Initializing ...
2022-03-19 09:53:56.148 +08:00 [SmartLibrary.DataCenter] [Information] SkyApm.Service.RegisterService : Loaded instrument service [SkyApm.Service.RegisterService].
2022-03-19 09:53:56.148 +08:00 [SmartLibrary.DataCenter] [Information] SkyApm.Service.PingService : Loaded instrument service [SkyApm.Service.PingService].
2022-03-19 09:53:56.148 +08:00 [SmartLibrary.DataCenter] [Information] SkyApm.Service.SegmentReportService : Loaded instrument service [SkyApm.Service.SegmentReportService].
2022-03-19 09:53:56.148 +08:00 [SmartLibrary.DataCenter] [Information] SkyApm.Service.CLRStatsService : Loaded instrument service [SkyApm.Service.CLRStatsService].
2022-03-19 09:53:56.187 +08:00 [SmartLibrary.DataCenter] [Information] SkyApm.Sampling.SimpleCountSamplingInterceptor : Loaded instrument service [SkyApm.Sampling.SimpleCountSamplingInterceptor].
2022-03-19 09:53:56.187 +08:00 [SmartLibrary.DataCenter] [Information] SkyApm.Transport.Grpc.ConnectService : Loaded instrument service [SkyApm.Transport.Grpc.ConnectService].
2022-03-19 09:53:56.217 +08:00 [SmartLibrary.DataCenter] [Information] SkyApm.Diagnostics.TracingDiagnosticProcessorObserver : Loaded diagnostic listener [CapDiagnosticListener].
2022-03-19 09:53:56.218 +08:00 [SmartLibrary.DataCenter] [Information] SkyApm.Diagnostics.TracingDiagnosticProcessorObserver : Loaded diagnostic listener [SqlClientDiagnosticListener].
2022-03-19 09:53:56.219 +08:00 [SmartLibrary.DataCenter] [Information] SkyApm.Diagnostics.TracingDiagnosticProcessorObserver : Loaded diagnostic listener [Microsoft.AspNetCore].
2022-03-19 09:53:56.219 +08:00 [SmartLibrary.DataCenter] [Information] SkyApm.Diagnostics.TracingDiagnosticProcessorObserver : Loaded diagnostic listener [HttpHandlerDiagnosticListener].
2022-03-19 09:53:56.219 +08:00 [SmartLibrary.DataCenter] [Information] SkyApm.InstrumentStartup : Started SkyAPM .NET Core Agent.
2022-03-19 09:55:36.287 +08:00 [SmartLibrary.DataCenter] [Error] SkyApm.Transport.Grpc.ConnectionManager : Connect server timeout.
System.Threading.Tasks.TaskCanceledException: Reached deadline.
   at Grpc.Core.Channel.WaitForStateChangedAsync(ChannelState lastObservedState, Nullable`1 deadline)
   at Grpc.Core.Channel.ConnectAsync(Nullable`1 deadline)
   at SkyApm.Transport.Grpc.ConnectionManager.ConnectAsync()
2022-03-19 09:55:36.303 +08:00 [SmartLibrary.DataCenter] [Information] SkyApm.Transport.Grpc.ConnectionManager : Shutdown connection[192.168.21.71:11800].
2022-03-19 09:56:59.797 +08:00 [SmartLibrary.DataCenter] [Information] SkyApm.InstrumentStartup : Initializing ...
2022-03-19 09:56:59.830 +08:00 [SmartLibrary.DataCenter] [Information] SkyApm.Service.RegisterService : Loaded instrument service [SkyApm.Service.RegisterService].
2022-03-19 09:56:59.830 +08:00 [SmartLibrary.DataCenter] [Information] SkyApm.Service.PingService : Loaded instrument service [SkyApm.Service.PingService].
2022-03-19 09:56:59.830 +08:00 [SmartLibrary.DataCenter] [Information] SkyApm.Service.SegmentReportService : Loaded instrument service [SkyApm.Service.SegmentReportService].
2022-03-19 09:56:59.830 +08:00 [SmartLibrary.DataCenter] [Information] SkyApm.Service.CLRStatsService : Loaded instrument service [SkyApm.Service.CLRStatsService].
2022-03-19 09:56:59.830 +08:00 [SmartLibrary.DataCenter] [Information] SkyApm.Sampling.SimpleCountSamplingInterceptor : Loaded instrument service [SkyApm.Sampling.SimpleCountSamplingInterceptor].
2022-03-19 09:56:59.830 +08:00 [SmartLibrary.DataCenter] [Information] SkyApm.Transport.Grpc.ConnectService : Loaded instrument service [SkyApm.Transport.Grpc.ConnectService].
2022-03-19 09:56:59.864 +08:00 [SmartLibrary.DataCenter] [Information] SkyApm.Diagnostics.TracingDiagnosticProcessorObserver : Loaded diagnostic listener [CapDiagnosticListener].
2022-03-19 09:56:59.865 +08:00 [SmartLibrary.DataCenter] [Information] SkyApm.Diagnostics.TracingDiagnosticProcessorObserver : Loaded diagnostic listener [SqlClientDiagnosticListener].
2022-03-19 09:56:59.865 +08:00 [SmartLibrary.DataCenter] [Information] SkyApm.Diagnostics.TracingDiagnosticProcessorObserver : Loaded diagnostic listener [Microsoft.AspNetCore].
2022-03-19 09:56:59.866 +08:00 [SmartLibrary.DataCenter] [Information] SkyApm.Diagnostics.TracingDiagnosticProcessorObserver : Loaded diagnostic listener [HttpHandlerDiagnosticListener].
2022-03-19 09:56:59.866 +08:00 [SmartLibrary.DataCenter] [Information] SkyApm.InstrumentStartup : Started SkyAPM .NET Core Agent.
2022-03-19 09:57:15.909 +08:00 [SmartLibrary.DataCenter] [Information] SkyApm.Diagnostics.TracingDiagnosticProcessorObserver : Loaded diagnostic listener [Microsoft.EntityFrameworkCore].
2022-03-19 09:57:15.953 +08:00 [SmartLibrary.DataCenter] [Information] SkyApm.Diagnostics.TracingDiagnosticProcessorObserver : Loaded diagnostic listener [Microsoft.EntityFrameworkCore].
2022-03-19 10:08:44.539 +08:00 [SmartLibrary.DataCenter] [Information] SkyApm.InstrumentStartup : Initializing ...
2022-03-19 10:08:44.566 +08:00 [SmartLibrary.DataCenter] [Information] SkyApm.Service.RegisterService : Loaded instrument service [SkyApm.Service.RegisterService].
2022-03-19 10:08:44.566 +08:00 [SmartLibrary.DataCenter] [Information] SkyApm.Service.PingService : Loaded instrument service [SkyApm.Service.PingService].
2022-03-19 10:08:44.566 +08:00 [SmartLibrary.DataCenter] [Information] SkyApm.Service.SegmentReportService : Loaded instrument service [SkyApm.Service.SegmentReportService].
2022-03-19 10:08:44.567 +08:00 [SmartLibrary.DataCenter] [Information] SkyApm.Service.CLRStatsService : Loaded instrument service [SkyApm.Service.CLRStatsService].
2022-03-19 10:08:44.567 +08:00 [SmartLibrary.DataCenter] [Information] SkyApm.Sampling.SimpleCountSamplingInterceptor : Loaded instrument service [SkyApm.Sampling.SimpleCountSamplingInterceptor].
2022-03-19 10:08:44.567 +08:00 [SmartLibrary.DataCenter] [Information] SkyApm.Transport.Grpc.ConnectService : Loaded instrument service [SkyApm.Transport.Grpc.ConnectService].
2022-03-19 10:08:44.604 +08:00 [SmartLibrary.DataCenter] [Information] SkyApm.Diagnostics.TracingDiagnosticProcessorObserver : Loaded diagnostic listener [CapDiagnosticListener].
2022-03-19 10:08:44.605 +08:00 [SmartLibrary.DataCenter] [Information] SkyApm.Diagnostics.TracingDiagnosticProcessorObserver : Loaded diagnostic listener [SqlClientDiagnosticListener].
2022-03-19 10:08:44.606 +08:00 [SmartLibrary.DataCenter] [Information] SkyApm.Diagnostics.TracingDiagnosticProcessorObserver : Loaded diagnostic listener [Microsoft.AspNetCore].
2022-03-19 10:08:44.606 +08:00 [SmartLibrary.DataCenter] [Information] SkyApm.Diagnostics.TracingDiagnosticProcessorObserver : Loaded diagnostic listener [HttpHandlerDiagnosticListener].
2022-03-19 10:08:44.606 +08:00 [SmartLibrary.DataCenter] [Information] SkyApm.InstrumentStartup : Started SkyAPM .NET Core Agent.
2022-03-19 10:10:24.673 +08:00 [SmartLibrary.DataCenter] [Error] SkyApm.Transport.Grpc.ConnectionManager : Connect server timeout.
System.Threading.Tasks.TaskCanceledException: Reached deadline.
   at Grpc.Core.Channel.WaitForStateChangedAsync(ChannelState lastObservedState, Nullable`1 deadline)
   at Grpc.Core.Channel.ConnectAsync(Nullable`1 deadline)
   at SkyApm.Transport.Grpc.ConnectionManager.ConnectAsync()
2022-03-19 10:10:24.686 +08:00 [SmartLibrary.DataCenter] [Information] SkyApm.Transport.Grpc.ConnectionManager : Shutdown connection[192.168.21.71:11800].
2022-03-19 10:12:04.700 +08:00 [SmartLibrary.DataCenter] [Error] SkyApm.Transport.Grpc.ConnectionManager : Connect server timeout.
System.Threading.Tasks.TaskCanceledException: Reached deadline.
   at Grpc.Core.Channel.WaitForStateChangedAsync(ChannelState lastObservedState, Nullable`1 deadline)
   at Grpc.Core.Channel.ConnectAsync(Nullable`1 deadline)
   at SkyApm.Transport.Grpc.ConnectionManager.ConnectAsync()
2022-03-19 10:12:04.712 +08:00 [SmartLibrary.DataCenter] [Information] SkyApm.Transport.Grpc.ConnectionManager : Shutdown connection[192.168.21.71:11800].
2022-03-19 10:13:44.733 +08:00 [SmartLibrary.DataCenter] [Error] SkyApm.Transport.Grpc.ConnectionManager : Connect server timeout.
System.Threading.Tasks.TaskCanceledException: Reached deadline.
   at Grpc.Core.Channel.WaitForStateChangedAsync(ChannelState lastObservedState, Nullable`1 deadline)
   at Grpc.Core.Channel.ConnectAsync(Nullable`1 deadline)
   at SkyApm.Transport.Grpc.ConnectionManager.ConnectAsync()
2022-03-19 10:13:44.743 +08:00 [SmartLibrary.DataCenter] [Information] SkyApm.Transport.Grpc.ConnectionManager : Shutdown connection[192.168.21.71:11800].
2022-03-19 10:15:24.754 +08:00 [SmartLibrary.DataCenter] [Error] SkyApm.Transport.Grpc.ConnectionManager : Connect server timeout.
System.Threading.Tasks.TaskCanceledException: Reached deadline.
   at Grpc.Core.Channel.WaitForStateChangedAsync(ChannelState lastObservedState, Nullable`1 deadline)
   at Grpc.Core.Channel.ConnectAsync(Nullable`1 deadline)
   at SkyApm.Transport.Grpc.ConnectionManager.ConnectAsync()
2022-03-19 10:15:24.765 +08:00 [SmartLibrary.DataCenter] [Information] SkyApm.Transport.Grpc.ConnectionManager : Shutdown connection[192.168.21.71:11800].
2022-03-19 10:17:04.778 +08:00 [SmartLibrary.DataCenter] [Error] SkyApm.Transport.Grpc.ConnectionManager : Connect server timeout.
System.Threading.Tasks.TaskCanceledException: Reached deadline.
   at Grpc.Core.Channel.WaitForStateChangedAsync(ChannelState lastObservedState, Nullable`1 deadline)
   at Grpc.Core.Channel.ConnectAsync(Nullable`1 deadline)
   at SkyApm.Transport.Grpc.ConnectionManager.ConnectAsync()
2022-03-19 10:17:04.788 +08:00 [SmartLibrary.DataCenter] [Information] SkyApm.Transport.Grpc.ConnectionManager : Shutdown connection[192.168.21.71:11800].
2022-03-19 10:18:44.802 +08:00 [SmartLibrary.DataCenter] [Error] SkyApm.Transport.Grpc.ConnectionManager : Connect server timeout.
System.Threading.Tasks.TaskCanceledException: Reached deadline.
   at Grpc.Core.Channel.WaitForStateChangedAsync(ChannelState lastObservedState, Nullable`1 deadline)
   at Grpc.Core.Channel.ConnectAsync(Nullable`1 deadline)
   at SkyApm.Transport.Grpc.ConnectionManager.ConnectAsync()
2022-03-19 10:18:44.813 +08:00 [SmartLibrary.DataCenter] [Information] SkyApm.Transport.Grpc.ConnectionManager : Shutdown connection[192.168.21.71:11800].
2022-03-19 10:20:24.825 +08:00 [SmartLibrary.DataCenter] [Error] SkyApm.Transport.Grpc.ConnectionManager : Connect server timeout.
System.Threading.Tasks.TaskCanceledException: Reached deadline.
   at Grpc.Core.Channel.WaitForStateChangedAsync(ChannelState lastObservedState, Nullable`1 deadline)
   at Grpc.Core.Channel.ConnectAsync(Nullable`1 deadline)
   at SkyApm.Transport.Grpc.ConnectionManager.ConnectAsync()
2022-03-19 10:20:24.836 +08:00 [SmartLibrary.DataCenter] [Information] SkyApm.Transport.Grpc.ConnectionManager : Shutdown connection[192.168.21.71:11800].
2022-03-19 10:22:04.849 +08:00 [SmartLibrary.DataCenter] [Error] SkyApm.Transport.Grpc.ConnectionManager : Connect server timeout.
System.Threading.Tasks.TaskCanceledException: Reached deadline.
   at Grpc.Core.Channel.WaitForStateChangedAsync(ChannelState lastObservedState, Nullable`1 deadline)
   at Grpc.Core.Channel.ConnectAsync(Nullable`1 deadline)
   at SkyApm.Transport.Grpc.ConnectionManager.ConnectAsync()
2022-03-19 10:22:04.859 +08:00 [SmartLibrary.DataCenter] [Information] SkyApm.Transport.Grpc.ConnectionManager : Shutdown connection[192.168.21.71:11800].
2022-03-19 10:23:44.873 +08:00 [SmartLibrary.DataCenter] [Error] SkyApm.Transport.Grpc.ConnectionManager : Connect server timeout.
System.Threading.Tasks.TaskCanceledException: Reached deadline.
   at Grpc.Core.Channel.WaitForStateChangedAsync(ChannelState lastObservedState, Nullable`1 deadline)
   at Grpc.Core.Channel.ConnectAsync(Nullable`1 deadline)
   at SkyApm.Transport.Grpc.ConnectionManager.ConnectAsync()
2022-03-19 10:23:44.880 +08:00 [SmartLibrary.DataCenter] [Information] SkyApm.Transport.Grpc.ConnectionManager : Shutdown connection[192.168.21.71:11800].
2022-03-19 10:25:24.896 +08:00 [SmartLibrary.DataCenter] [Error] SkyApm.Transport.Grpc.ConnectionManager : Connect server timeout.
System.Threading.Tasks.TaskCanceledException: Reached deadline.
   at Grpc.Core.Channel.WaitForStateChangedAsync(ChannelState lastObservedState, Nullable`1 deadline)
   at Grpc.Core.Channel.ConnectAsync(Nullable`1 deadline)
   at SkyApm.Transport.Grpc.ConnectionManager.ConnectAsync()
2022-03-19 10:25:24.906 +08:00 [SmartLibrary.DataCenter] [Information] SkyApm.Transport.Grpc.ConnectionManager : Shutdown connection[192.168.21.71:11800].
2022-03-19 10:27:04.917 +08:00 [SmartLibrary.DataCenter] [Error] SkyApm.Transport.Grpc.ConnectionManager : Connect server timeout.
System.Threading.Tasks.TaskCanceledException: Reached deadline.
   at Grpc.Core.Channel.WaitForStateChangedAsync(ChannelState lastObservedState, Nullable`1 deadline)
   at Grpc.Core.Channel.ConnectAsync(Nullable`1 deadline)
   at SkyApm.Transport.Grpc.ConnectionManager.ConnectAsync()
2022-03-19 10:27:04.925 +08:00 [SmartLibrary.DataCenter] [Information] SkyApm.Transport.Grpc.ConnectionManager : Shutdown connection[192.168.21.71:11800].
