2022-01-07 09:17:59.564 +08:00 [SmartLibrary.DataCenter] [Information] SkyApm.InstrumentStartup : Initializing ...
2022-01-07 09:17:59.592 +08:00 [SmartLibrary.DataCenter] [Information] SkyApm.Service.RegisterService : Loaded instrument service [SkyApm.Service.RegisterService].
2022-01-07 09:17:59.592 +08:00 [SmartLibrary.DataCenter] [Information] SkyApm.Service.PingService : Loaded instrument service [SkyApm.Service.PingService].
2022-01-07 09:17:59.593 +08:00 [SmartLibrary.DataCenter] [Information] SkyApm.Service.SegmentReportService : Loaded instrument service [SkyApm.Service.SegmentReportService].
2022-01-07 09:17:59.593 +08:00 [SmartLibrary.DataCenter] [Information] SkyApm.Service.CLRStatsService : Loaded instrument service [SkyApm.Service.CLRStatsService].
2022-01-07 09:17:59.593 +08:00 [SmartLibrary.DataCenter] [Information] SkyApm.Sampling.SimpleCountSamplingInterceptor : Loaded instrument service [SkyApm.Sampling.SimpleCountSamplingInterceptor].
2022-01-07 09:17:59.593 +08:00 [SmartLibrary.DataCenter] [Information] SkyApm.Transport.Grpc.ConnectService : Loaded instrument service [SkyApm.Transport.Grpc.ConnectService].
2022-01-07 09:17:59.645 +08:00 [SmartLibrary.DataCenter] [Information] SkyApm.Diagnostics.TracingDiagnosticProcessorObserver : Loaded diagnostic listener [CapDiagnosticListener].
2022-01-07 09:17:59.647 +08:00 [SmartLibrary.DataCenter] [Information] SkyApm.Diagnostics.TracingDiagnosticProcessorObserver : Loaded diagnostic listener [SqlClientDiagnosticListener].
2022-01-07 09:17:59.647 +08:00 [SmartLibrary.DataCenter] [Information] SkyApm.Diagnostics.TracingDiagnosticProcessorObserver : Loaded diagnostic listener [Microsoft.AspNetCore].
2022-01-07 09:17:59.647 +08:00 [SmartLibrary.DataCenter] [Information] SkyApm.Diagnostics.TracingDiagnosticProcessorObserver : Loaded diagnostic listener [HttpHandlerDiagnosticListener].
2022-01-07 09:17:59.647 +08:00 [SmartLibrary.DataCenter] [Information] SkyApm.InstrumentStartup : Started SkyAPM .NET Core Agent.
2022-01-07 13:30:21.692 +08:00 [SmartLibrary.DataCenter] [Information] SkyApm.InstrumentStartup : Initializing ...
2022-01-07 13:30:21.720 +08:00 [SmartLibrary.DataCenter] [Information] SkyApm.Service.RegisterService : Loaded instrument service [SkyApm.Service.RegisterService].
2022-01-07 13:30:21.720 +08:00 [SmartLibrary.DataCenter] [Information] SkyApm.Service.PingService : Loaded instrument service [SkyApm.Service.PingService].
2022-01-07 13:30:21.721 +08:00 [SmartLibrary.DataCenter] [Information] SkyApm.Service.SegmentReportService : Loaded instrument service [SkyApm.Service.SegmentReportService].
2022-01-07 13:30:21.721 +08:00 [SmartLibrary.DataCenter] [Information] SkyApm.Service.CLRStatsService : Loaded instrument service [SkyApm.Service.CLRStatsService].
2022-01-07 13:30:21.721 +08:00 [SmartLibrary.DataCenter] [Information] SkyApm.Sampling.SimpleCountSamplingInterceptor : Loaded instrument service [SkyApm.Sampling.SimpleCountSamplingInterceptor].
2022-01-07 13:30:21.721 +08:00 [SmartLibrary.DataCenter] [Information] SkyApm.Transport.Grpc.ConnectService : Loaded instrument service [SkyApm.Transport.Grpc.ConnectService].
2022-01-07 13:30:21.755 +08:00 [SmartLibrary.DataCenter] [Information] SkyApm.Diagnostics.TracingDiagnosticProcessorObserver : Loaded diagnostic listener [CapDiagnosticListener].
2022-01-07 13:30:21.756 +08:00 [SmartLibrary.DataCenter] [Information] SkyApm.Diagnostics.TracingDiagnosticProcessorObserver : Loaded diagnostic listener [SqlClientDiagnosticListener].
2022-01-07 13:30:21.757 +08:00 [SmartLibrary.DataCenter] [Information] SkyApm.Diagnostics.TracingDiagnosticProcessorObserver : Loaded diagnostic listener [Microsoft.AspNetCore].
2022-01-07 13:30:21.757 +08:00 [SmartLibrary.DataCenter] [Information] SkyApm.Diagnostics.TracingDiagnosticProcessorObserver : Loaded diagnostic listener [HttpHandlerDiagnosticListener].
2022-01-07 13:30:21.757 +08:00 [SmartLibrary.DataCenter] [Information] SkyApm.InstrumentStartup : Started SkyAPM .NET Core Agent.
2022-01-07 13:32:01.866 +08:00 [SmartLibrary.DataCenter] [Error] SkyApm.Transport.Grpc.ConnectionManager : Connect server timeout.
System.Threading.Tasks.TaskCanceledException: Reached deadline.
   at Grpc.Core.Channel.WaitForStateChangedAsync(ChannelState lastObservedState, Nullable`1 deadline)
   at Grpc.Core.Channel.ConnectAsync(Nullable`1 deadline)
   at SkyApm.Transport.Grpc.ConnectionManager.ConnectAsync()
2022-01-07 13:32:02.383 +08:00 [SmartLibrary.DataCenter] [Information] SkyApm.Transport.Grpc.ConnectionManager : Shutdown connection[192.168.21.71:11800].
2022-01-07 13:33:42.396 +08:00 [SmartLibrary.DataCenter] [Error] SkyApm.Transport.Grpc.ConnectionManager : Connect server timeout.
System.Threading.Tasks.TaskCanceledException: Reached deadline.
   at Grpc.Core.Channel.WaitForStateChangedAsync(ChannelState lastObservedState, Nullable`1 deadline)
   at Grpc.Core.Channel.ConnectAsync(Nullable`1 deadline)
   at SkyApm.Transport.Grpc.ConnectionManager.ConnectAsync()
2022-01-07 13:33:42.407 +08:00 [SmartLibrary.DataCenter] [Information] SkyApm.Transport.Grpc.ConnectionManager : Shutdown connection[192.168.21.71:11800].
2022-01-07 13:35:16.473 +08:00 [SmartLibrary.DataCenter] [Information] SkyApm.InstrumentStartup : Initializing ...
2022-01-07 13:35:16.501 +08:00 [SmartLibrary.DataCenter] [Information] SkyApm.Service.RegisterService : Loaded instrument service [SkyApm.Service.RegisterService].
2022-01-07 13:35:16.501 +08:00 [SmartLibrary.DataCenter] [Information] SkyApm.Service.PingService : Loaded instrument service [SkyApm.Service.PingService].
2022-01-07 13:35:16.502 +08:00 [SmartLibrary.DataCenter] [Information] SkyApm.Service.SegmentReportService : Loaded instrument service [SkyApm.Service.SegmentReportService].
2022-01-07 13:35:16.502 +08:00 [SmartLibrary.DataCenter] [Information] SkyApm.Service.CLRStatsService : Loaded instrument service [SkyApm.Service.CLRStatsService].
2022-01-07 13:35:16.502 +08:00 [SmartLibrary.DataCenter] [Information] SkyApm.Sampling.SimpleCountSamplingInterceptor : Loaded instrument service [SkyApm.Sampling.SimpleCountSamplingInterceptor].
2022-01-07 13:35:16.502 +08:00 [SmartLibrary.DataCenter] [Information] SkyApm.Transport.Grpc.ConnectService : Loaded instrument service [SkyApm.Transport.Grpc.ConnectService].
2022-01-07 13:35:16.537 +08:00 [SmartLibrary.DataCenter] [Information] SkyApm.Diagnostics.TracingDiagnosticProcessorObserver : Loaded diagnostic listener [CapDiagnosticListener].
2022-01-07 13:35:16.538 +08:00 [SmartLibrary.DataCenter] [Information] SkyApm.Diagnostics.TracingDiagnosticProcessorObserver : Loaded diagnostic listener [SqlClientDiagnosticListener].
2022-01-07 13:35:16.539 +08:00 [SmartLibrary.DataCenter] [Information] SkyApm.Diagnostics.TracingDiagnosticProcessorObserver : Loaded diagnostic listener [Microsoft.AspNetCore].
2022-01-07 13:35:16.539 +08:00 [SmartLibrary.DataCenter] [Information] SkyApm.Diagnostics.TracingDiagnosticProcessorObserver : Loaded diagnostic listener [HttpHandlerDiagnosticListener].
2022-01-07 13:35:16.539 +08:00 [SmartLibrary.DataCenter] [Information] SkyApm.InstrumentStartup : Started SkyAPM .NET Core Agent.
2022-01-07 13:36:14.653 +08:00 [SmartLibrary.DataCenter] [Information] SkyApm.Diagnostics.TracingDiagnosticProcessorObserver : Loaded diagnostic listener [Microsoft.EntityFrameworkCore].
2022-01-07 13:36:14.675 +08:00 [SmartLibrary.DataCenter] [Information] SkyApm.Diagnostics.TracingDiagnosticProcessorObserver : Loaded diagnostic listener [Microsoft.EntityFrameworkCore].
2022-01-07 13:36:56.590 +08:00 [SmartLibrary.DataCenter] [Error] SkyApm.Transport.Grpc.ConnectionManager : Connect server timeout.
System.Threading.Tasks.TaskCanceledException: Reached deadline.
   at Grpc.Core.Channel.WaitForStateChangedAsync(ChannelState lastObservedState, Nullable`1 deadline)
   at Grpc.Core.Channel.ConnectAsync(Nullable`1 deadline)
   at SkyApm.Transport.Grpc.ConnectionManager.ConnectAsync()
2022-01-07 13:36:56.604 +08:00 [SmartLibrary.DataCenter] [Information] SkyApm.Transport.Grpc.ConnectionManager : Shutdown connection[192.168.21.71:11800].
2022-01-07 13:37:41.245 +08:00 [SmartLibrary.DataCenter] [Information] SkyApm.InstrumentStartup : Initializing ...
2022-01-07 13:37:41.272 +08:00 [SmartLibrary.DataCenter] [Information] SkyApm.Service.RegisterService : Loaded instrument service [SkyApm.Service.RegisterService].
2022-01-07 13:37:41.273 +08:00 [SmartLibrary.DataCenter] [Information] SkyApm.Service.PingService : Loaded instrument service [SkyApm.Service.PingService].
2022-01-07 13:37:41.273 +08:00 [SmartLibrary.DataCenter] [Information] SkyApm.Service.SegmentReportService : Loaded instrument service [SkyApm.Service.SegmentReportService].
2022-01-07 13:37:41.273 +08:00 [SmartLibrary.DataCenter] [Information] SkyApm.Service.CLRStatsService : Loaded instrument service [SkyApm.Service.CLRStatsService].
2022-01-07 13:37:41.273 +08:00 [SmartLibrary.DataCenter] [Information] SkyApm.Sampling.SimpleCountSamplingInterceptor : Loaded instrument service [SkyApm.Sampling.SimpleCountSamplingInterceptor].
2022-01-07 13:37:41.273 +08:00 [SmartLibrary.DataCenter] [Information] SkyApm.Transport.Grpc.ConnectService : Loaded instrument service [SkyApm.Transport.Grpc.ConnectService].
2022-01-07 13:37:41.309 +08:00 [SmartLibrary.DataCenter] [Information] SkyApm.Diagnostics.TracingDiagnosticProcessorObserver : Loaded diagnostic listener [CapDiagnosticListener].
2022-01-07 13:37:41.310 +08:00 [SmartLibrary.DataCenter] [Information] SkyApm.Diagnostics.TracingDiagnosticProcessorObserver : Loaded diagnostic listener [SqlClientDiagnosticListener].
2022-01-07 13:37:41.311 +08:00 [SmartLibrary.DataCenter] [Information] SkyApm.Diagnostics.TracingDiagnosticProcessorObserver : Loaded diagnostic listener [Microsoft.AspNetCore].
2022-01-07 13:37:41.311 +08:00 [SmartLibrary.DataCenter] [Information] SkyApm.Diagnostics.TracingDiagnosticProcessorObserver : Loaded diagnostic listener [HttpHandlerDiagnosticListener].
2022-01-07 13:37:41.311 +08:00 [SmartLibrary.DataCenter] [Information] SkyApm.InstrumentStartup : Started SkyAPM .NET Core Agent.
2022-01-07 13:38:13.243 +08:00 [SmartLibrary.DataCenter] [Information] SkyApm.Diagnostics.TracingDiagnosticProcessorObserver : Loaded diagnostic listener [Microsoft.EntityFrameworkCore].
2022-01-07 13:38:13.264 +08:00 [SmartLibrary.DataCenter] [Information] SkyApm.Diagnostics.TracingDiagnosticProcessorObserver : Loaded diagnostic listener [Microsoft.EntityFrameworkCore].
2022-01-07 13:39:58.666 +08:00 [SmartLibrary.DataCenter] [Information] SkyApm.InstrumentStartup : Initializing ...
2022-01-07 13:39:58.696 +08:00 [SmartLibrary.DataCenter] [Information] SkyApm.Service.RegisterService : Loaded instrument service [SkyApm.Service.RegisterService].
2022-01-07 13:39:58.696 +08:00 [SmartLibrary.DataCenter] [Information] SkyApm.Service.PingService : Loaded instrument service [SkyApm.Service.PingService].
2022-01-07 13:39:58.696 +08:00 [SmartLibrary.DataCenter] [Information] SkyApm.Service.SegmentReportService : Loaded instrument service [SkyApm.Service.SegmentReportService].
2022-01-07 13:39:58.696 +08:00 [SmartLibrary.DataCenter] [Information] SkyApm.Service.CLRStatsService : Loaded instrument service [SkyApm.Service.CLRStatsService].
2022-01-07 13:39:58.696 +08:00 [SmartLibrary.DataCenter] [Information] SkyApm.Sampling.SimpleCountSamplingInterceptor : Loaded instrument service [SkyApm.Sampling.SimpleCountSamplingInterceptor].
2022-01-07 13:39:58.696 +08:00 [SmartLibrary.DataCenter] [Information] SkyApm.Transport.Grpc.ConnectService : Loaded instrument service [SkyApm.Transport.Grpc.ConnectService].
2022-01-07 13:39:58.731 +08:00 [SmartLibrary.DataCenter] [Information] SkyApm.Diagnostics.TracingDiagnosticProcessorObserver : Loaded diagnostic listener [CapDiagnosticListener].
2022-01-07 13:39:58.733 +08:00 [SmartLibrary.DataCenter] [Information] SkyApm.Diagnostics.TracingDiagnosticProcessorObserver : Loaded diagnostic listener [SqlClientDiagnosticListener].
2022-01-07 13:39:58.733 +08:00 [SmartLibrary.DataCenter] [Information] SkyApm.Diagnostics.TracingDiagnosticProcessorObserver : Loaded diagnostic listener [Microsoft.AspNetCore].
2022-01-07 13:39:58.734 +08:00 [SmartLibrary.DataCenter] [Information] SkyApm.Diagnostics.TracingDiagnosticProcessorObserver : Loaded diagnostic listener [HttpHandlerDiagnosticListener].
2022-01-07 13:39:58.734 +08:00 [SmartLibrary.DataCenter] [Information] SkyApm.InstrumentStartup : Started SkyAPM .NET Core Agent.
2022-01-07 13:40:12.115 +08:00 [SmartLibrary.DataCenter] [Information] SkyApm.Diagnostics.TracingDiagnosticProcessorObserver : Loaded diagnostic listener [Microsoft.EntityFrameworkCore].
2022-01-07 13:40:12.136 +08:00 [SmartLibrary.DataCenter] [Information] SkyApm.Diagnostics.TracingDiagnosticProcessorObserver : Loaded diagnostic listener [Microsoft.EntityFrameworkCore].
2022-01-07 13:41:36.905 +08:00 [SmartLibrary.DataCenter] [Information] SkyApm.InstrumentStartup : Initializing ...
2022-01-07 13:41:36.931 +08:00 [SmartLibrary.DataCenter] [Information] SkyApm.Service.RegisterService : Loaded instrument service [SkyApm.Service.RegisterService].
2022-01-07 13:41:36.931 +08:00 [SmartLibrary.DataCenter] [Information] SkyApm.Service.PingService : Loaded instrument service [SkyApm.Service.PingService].
2022-01-07 13:41:36.931 +08:00 [SmartLibrary.DataCenter] [Information] SkyApm.Service.SegmentReportService : Loaded instrument service [SkyApm.Service.SegmentReportService].
2022-01-07 13:41:36.931 +08:00 [SmartLibrary.DataCenter] [Information] SkyApm.Service.CLRStatsService : Loaded instrument service [SkyApm.Service.CLRStatsService].
2022-01-07 13:41:36.931 +08:00 [SmartLibrary.DataCenter] [Information] SkyApm.Sampling.SimpleCountSamplingInterceptor : Loaded instrument service [SkyApm.Sampling.SimpleCountSamplingInterceptor].
2022-01-07 13:41:36.931 +08:00 [SmartLibrary.DataCenter] [Information] SkyApm.Transport.Grpc.ConnectService : Loaded instrument service [SkyApm.Transport.Grpc.ConnectService].
2022-01-07 13:41:36.963 +08:00 [SmartLibrary.DataCenter] [Information] SkyApm.Diagnostics.TracingDiagnosticProcessorObserver : Loaded diagnostic listener [CapDiagnosticListener].
2022-01-07 13:41:36.965 +08:00 [SmartLibrary.DataCenter] [Information] SkyApm.Diagnostics.TracingDiagnosticProcessorObserver : Loaded diagnostic listener [SqlClientDiagnosticListener].
2022-01-07 13:41:36.965 +08:00 [SmartLibrary.DataCenter] [Information] SkyApm.Diagnostics.TracingDiagnosticProcessorObserver : Loaded diagnostic listener [Microsoft.AspNetCore].
2022-01-07 13:41:36.966 +08:00 [SmartLibrary.DataCenter] [Information] SkyApm.Diagnostics.TracingDiagnosticProcessorObserver : Loaded diagnostic listener [HttpHandlerDiagnosticListener].
2022-01-07 13:41:36.966 +08:00 [SmartLibrary.DataCenter] [Information] SkyApm.InstrumentStartup : Started SkyAPM .NET Core Agent.
2022-01-07 13:41:56.118 +08:00 [SmartLibrary.DataCenter] [Information] SkyApm.InstrumentStartup : Initializing ...
2022-01-07 13:41:56.150 +08:00 [SmartLibrary.DataCenter] [Information] SkyApm.Service.RegisterService : Loaded instrument service [SkyApm.Service.RegisterService].
2022-01-07 13:41:56.150 +08:00 [SmartLibrary.DataCenter] [Information] SkyApm.Service.PingService : Loaded instrument service [SkyApm.Service.PingService].
2022-01-07 13:41:56.150 +08:00 [SmartLibrary.DataCenter] [Information] SkyApm.Service.SegmentReportService : Loaded instrument service [SkyApm.Service.SegmentReportService].
2022-01-07 13:41:56.150 +08:00 [SmartLibrary.DataCenter] [Information] SkyApm.Service.CLRStatsService : Loaded instrument service [SkyApm.Service.CLRStatsService].
2022-01-07 13:41:56.150 +08:00 [SmartLibrary.DataCenter] [Information] SkyApm.Sampling.SimpleCountSamplingInterceptor : Loaded instrument service [SkyApm.Sampling.SimpleCountSamplingInterceptor].
2022-01-07 13:41:56.150 +08:00 [SmartLibrary.DataCenter] [Information] SkyApm.Transport.Grpc.ConnectService : Loaded instrument service [SkyApm.Transport.Grpc.ConnectService].
2022-01-07 13:41:56.187 +08:00 [SmartLibrary.DataCenter] [Information] SkyApm.Diagnostics.TracingDiagnosticProcessorObserver : Loaded diagnostic listener [CapDiagnosticListener].
2022-01-07 13:41:56.188 +08:00 [SmartLibrary.DataCenter] [Information] SkyApm.Diagnostics.TracingDiagnosticProcessorObserver : Loaded diagnostic listener [SqlClientDiagnosticListener].
2022-01-07 13:41:56.189 +08:00 [SmartLibrary.DataCenter] [Information] SkyApm.Diagnostics.TracingDiagnosticProcessorObserver : Loaded diagnostic listener [Microsoft.AspNetCore].
2022-01-07 13:41:56.189 +08:00 [SmartLibrary.DataCenter] [Information] SkyApm.Diagnostics.TracingDiagnosticProcessorObserver : Loaded diagnostic listener [HttpHandlerDiagnosticListener].
2022-01-07 13:41:56.189 +08:00 [SmartLibrary.DataCenter] [Information] SkyApm.InstrumentStartup : Started SkyAPM .NET Core Agent.
2022-01-07 13:42:00.693 +08:00 [SmartLibrary.DataCenter] [Information] SkyApm.Diagnostics.TracingDiagnosticProcessorObserver : Loaded diagnostic listener [Microsoft.EntityFrameworkCore].
2022-01-07 13:42:00.716 +08:00 [SmartLibrary.DataCenter] [Information] SkyApm.Diagnostics.TracingDiagnosticProcessorObserver : Loaded diagnostic listener [Microsoft.EntityFrameworkCore].
2022-01-07 13:42:23.381 +08:00 [SmartLibrary.DataCenter] [Information] SkyApm.InstrumentStartup : Initializing ...
2022-01-07 13:42:23.409 +08:00 [SmartLibrary.DataCenter] [Information] SkyApm.Service.RegisterService : Loaded instrument service [SkyApm.Service.RegisterService].
2022-01-07 13:42:23.409 +08:00 [SmartLibrary.DataCenter] [Information] SkyApm.Service.PingService : Loaded instrument service [SkyApm.Service.PingService].
2022-01-07 13:42:23.409 +08:00 [SmartLibrary.DataCenter] [Information] SkyApm.Service.SegmentReportService : Loaded instrument service [SkyApm.Service.SegmentReportService].
2022-01-07 13:42:23.409 +08:00 [SmartLibrary.DataCenter] [Information] SkyApm.Service.CLRStatsService : Loaded instrument service [SkyApm.Service.CLRStatsService].
2022-01-07 13:42:23.409 +08:00 [SmartLibrary.DataCenter] [Information] SkyApm.Sampling.SimpleCountSamplingInterceptor : Loaded instrument service [SkyApm.Sampling.SimpleCountSamplingInterceptor].
2022-01-07 13:42:23.409 +08:00 [SmartLibrary.DataCenter] [Information] SkyApm.Transport.Grpc.ConnectService : Loaded instrument service [SkyApm.Transport.Grpc.ConnectService].
2022-01-07 13:42:23.445 +08:00 [SmartLibrary.DataCenter] [Information] SkyApm.Diagnostics.TracingDiagnosticProcessorObserver : Loaded diagnostic listener [CapDiagnosticListener].
2022-01-07 13:42:23.446 +08:00 [SmartLibrary.DataCenter] [Information] SkyApm.Diagnostics.TracingDiagnosticProcessorObserver : Loaded diagnostic listener [SqlClientDiagnosticListener].
2022-01-07 13:42:23.447 +08:00 [SmartLibrary.DataCenter] [Information] SkyApm.Diagnostics.TracingDiagnosticProcessorObserver : Loaded diagnostic listener [Microsoft.AspNetCore].
2022-01-07 13:42:23.447 +08:00 [SmartLibrary.DataCenter] [Information] SkyApm.Diagnostics.TracingDiagnosticProcessorObserver : Loaded diagnostic listener [HttpHandlerDiagnosticListener].
2022-01-07 13:42:23.447 +08:00 [SmartLibrary.DataCenter] [Information] SkyApm.InstrumentStartup : Started SkyAPM .NET Core Agent.
2022-01-07 13:42:43.153 +08:00 [SmartLibrary.DataCenter] [Information] SkyApm.Diagnostics.TracingDiagnosticProcessorObserver : Loaded diagnostic listener [Microsoft.EntityFrameworkCore].
2022-01-07 13:42:43.171 +08:00 [SmartLibrary.DataCenter] [Information] SkyApm.Diagnostics.TracingDiagnosticProcessorObserver : Loaded diagnostic listener [Microsoft.EntityFrameworkCore].
2022-01-07 13:48:06.703 +08:00 [SmartLibrary.DataCenter] [Information] SkyApm.InstrumentStartup : Initializing ...
2022-01-07 13:48:06.728 +08:00 [SmartLibrary.DataCenter] [Information] SkyApm.Service.RegisterService : Loaded instrument service [SkyApm.Service.RegisterService].
2022-01-07 13:48:06.728 +08:00 [SmartLibrary.DataCenter] [Information] SkyApm.Service.PingService : Loaded instrument service [SkyApm.Service.PingService].
2022-01-07 13:48:06.728 +08:00 [SmartLibrary.DataCenter] [Information] SkyApm.Service.SegmentReportService : Loaded instrument service [SkyApm.Service.SegmentReportService].
2022-01-07 13:48:06.728 +08:00 [SmartLibrary.DataCenter] [Information] SkyApm.Service.CLRStatsService : Loaded instrument service [SkyApm.Service.CLRStatsService].
2022-01-07 13:48:06.728 +08:00 [SmartLibrary.DataCenter] [Information] SkyApm.Sampling.SimpleCountSamplingInterceptor : Loaded instrument service [SkyApm.Sampling.SimpleCountSamplingInterceptor].
2022-01-07 13:48:06.728 +08:00 [SmartLibrary.DataCenter] [Information] SkyApm.Transport.Grpc.ConnectService : Loaded instrument service [SkyApm.Transport.Grpc.ConnectService].
2022-01-07 13:48:06.762 +08:00 [SmartLibrary.DataCenter] [Information] SkyApm.Diagnostics.TracingDiagnosticProcessorObserver : Loaded diagnostic listener [CapDiagnosticListener].
2022-01-07 13:48:06.764 +08:00 [SmartLibrary.DataCenter] [Information] SkyApm.Diagnostics.TracingDiagnosticProcessorObserver : Loaded diagnostic listener [SqlClientDiagnosticListener].
2022-01-07 13:48:06.764 +08:00 [SmartLibrary.DataCenter] [Information] SkyApm.Diagnostics.TracingDiagnosticProcessorObserver : Loaded diagnostic listener [Microsoft.AspNetCore].
2022-01-07 13:48:06.765 +08:00 [SmartLibrary.DataCenter] [Information] SkyApm.Diagnostics.TracingDiagnosticProcessorObserver : Loaded diagnostic listener [HttpHandlerDiagnosticListener].
2022-01-07 13:48:06.765 +08:00 [SmartLibrary.DataCenter] [Information] SkyApm.InstrumentStartup : Started SkyAPM .NET Core Agent.
2022-01-07 13:48:55.749 +08:00 [SmartLibrary.DataCenter] [Information] SkyApm.Diagnostics.TracingDiagnosticProcessorObserver : Loaded diagnostic listener [Microsoft.EntityFrameworkCore].
2022-01-07 13:48:55.767 +08:00 [SmartLibrary.DataCenter] [Information] SkyApm.Diagnostics.TracingDiagnosticProcessorObserver : Loaded diagnostic listener [Microsoft.EntityFrameworkCore].
2022-01-07 13:49:46.812 +08:00 [SmartLibrary.DataCenter] [Error] SkyApm.Transport.Grpc.ConnectionManager : Connect server timeout.
System.Threading.Tasks.TaskCanceledException: Reached deadline.
   at Grpc.Core.Channel.WaitForStateChangedAsync(ChannelState lastObservedState, Nullable`1 deadline)
   at Grpc.Core.Channel.ConnectAsync(Nullable`1 deadline)
   at SkyApm.Transport.Grpc.ConnectionManager.ConnectAsync()
2022-01-07 13:49:46.831 +08:00 [SmartLibrary.DataCenter] [Information] SkyApm.Transport.Grpc.ConnectionManager : Shutdown connection[192.168.21.71:11800].
2022-01-07 13:51:26.844 +08:00 [SmartLibrary.DataCenter] [Error] SkyApm.Transport.Grpc.ConnectionManager : Connect server timeout.
System.Threading.Tasks.TaskCanceledException: Reached deadline.
   at Grpc.Core.Channel.WaitForStateChangedAsync(ChannelState lastObservedState, Nullable`1 deadline)
   at Grpc.Core.Channel.ConnectAsync(Nullable`1 deadline)
   at SkyApm.Transport.Grpc.ConnectionManager.ConnectAsync()
2022-01-07 13:51:26.855 +08:00 [SmartLibrary.DataCenter] [Information] SkyApm.Transport.Grpc.ConnectionManager : Shutdown connection[192.168.21.71:11800].
2022-01-07 13:53:06.869 +08:00 [SmartLibrary.DataCenter] [Error] SkyApm.Transport.Grpc.ConnectionManager : Connect server timeout.
System.Threading.Tasks.TaskCanceledException: Reached deadline.
   at Grpc.Core.Channel.WaitForStateChangedAsync(ChannelState lastObservedState, Nullable`1 deadline)
   at Grpc.Core.Channel.ConnectAsync(Nullable`1 deadline)
   at SkyApm.Transport.Grpc.ConnectionManager.ConnectAsync()
2022-01-07 13:53:06.878 +08:00 [SmartLibrary.DataCenter] [Information] SkyApm.Transport.Grpc.ConnectionManager : Shutdown connection[192.168.21.71:11800].
2022-01-07 13:54:46.893 +08:00 [SmartLibrary.DataCenter] [Error] SkyApm.Transport.Grpc.ConnectionManager : Connect server timeout.
System.Threading.Tasks.TaskCanceledException: Reached deadline.
   at Grpc.Core.Channel.WaitForStateChangedAsync(ChannelState lastObservedState, Nullable`1 deadline)
   at Grpc.Core.Channel.ConnectAsync(Nullable`1 deadline)
   at SkyApm.Transport.Grpc.ConnectionManager.ConnectAsync()
2022-01-07 13:54:46.905 +08:00 [SmartLibrary.DataCenter] [Information] SkyApm.Transport.Grpc.ConnectionManager : Shutdown connection[192.168.21.71:11800].
2022-01-07 13:56:26.919 +08:00 [SmartLibrary.DataCenter] [Error] SkyApm.Transport.Grpc.ConnectionManager : Connect server timeout.
System.Threading.Tasks.TaskCanceledException: Reached deadline.
   at Grpc.Core.Channel.WaitForStateChangedAsync(ChannelState lastObservedState, Nullable`1 deadline)
   at Grpc.Core.Channel.ConnectAsync(Nullable`1 deadline)
   at SkyApm.Transport.Grpc.ConnectionManager.ConnectAsync()
2022-01-07 13:56:26.931 +08:00 [SmartLibrary.DataCenter] [Information] SkyApm.Transport.Grpc.ConnectionManager : Shutdown connection[192.168.21.71:11800].
2022-01-07 13:58:06.946 +08:00 [SmartLibrary.DataCenter] [Error] SkyApm.Transport.Grpc.ConnectionManager : Connect server timeout.
System.Threading.Tasks.TaskCanceledException: Reached deadline.
   at Grpc.Core.Channel.WaitForStateChangedAsync(ChannelState lastObservedState, Nullable`1 deadline)
   at Grpc.Core.Channel.ConnectAsync(Nullable`1 deadline)
   at SkyApm.Transport.Grpc.ConnectionManager.ConnectAsync()
2022-01-07 13:58:06.957 +08:00 [SmartLibrary.DataCenter] [Information] SkyApm.Transport.Grpc.ConnectionManager : Shutdown connection[192.168.21.71:11800].
2022-01-07 13:59:46.971 +08:00 [SmartLibrary.DataCenter] [Error] SkyApm.Transport.Grpc.ConnectionManager : Connect server timeout.
System.Threading.Tasks.TaskCanceledException: Reached deadline.
   at Grpc.Core.Channel.WaitForStateChangedAsync(ChannelState lastObservedState, Nullable`1 deadline)
   at Grpc.Core.Channel.ConnectAsync(Nullable`1 deadline)
   at SkyApm.Transport.Grpc.ConnectionManager.ConnectAsync()
2022-01-07 13:59:46.977 +08:00 [SmartLibrary.DataCenter] [Information] SkyApm.Transport.Grpc.ConnectionManager : Shutdown connection[192.168.21.71:11800].
2022-01-07 14:01:26.990 +08:00 [SmartLibrary.DataCenter] [Error] SkyApm.Transport.Grpc.ConnectionManager : Connect server timeout.
System.Threading.Tasks.TaskCanceledException: Reached deadline.
   at Grpc.Core.Channel.WaitForStateChangedAsync(ChannelState lastObservedState, Nullable`1 deadline)
   at Grpc.Core.Channel.ConnectAsync(Nullable`1 deadline)
   at SkyApm.Transport.Grpc.ConnectionManager.ConnectAsync()
2022-01-07 14:01:27.001 +08:00 [SmartLibrary.DataCenter] [Information] SkyApm.Transport.Grpc.ConnectionManager : Shutdown connection[192.168.21.71:11800].
2022-01-07 14:03:07.012 +08:00 [SmartLibrary.DataCenter] [Error] SkyApm.Transport.Grpc.ConnectionManager : Connect server timeout.
System.Threading.Tasks.TaskCanceledException: Reached deadline.
   at Grpc.Core.Channel.WaitForStateChangedAsync(ChannelState lastObservedState, Nullable`1 deadline)
   at Grpc.Core.Channel.ConnectAsync(Nullable`1 deadline)
   at SkyApm.Transport.Grpc.ConnectionManager.ConnectAsync()
2022-01-07 14:03:07.019 +08:00 [SmartLibrary.DataCenter] [Information] SkyApm.Transport.Grpc.ConnectionManager : Shutdown connection[192.168.21.71:11800].
2022-01-07 14:04:47.031 +08:00 [SmartLibrary.DataCenter] [Error] SkyApm.Transport.Grpc.ConnectionManager : Connect server timeout.
System.Threading.Tasks.TaskCanceledException: Reached deadline.
   at Grpc.Core.Channel.WaitForStateChangedAsync(ChannelState lastObservedState, Nullable`1 deadline)
   at Grpc.Core.Channel.ConnectAsync(Nullable`1 deadline)
   at SkyApm.Transport.Grpc.ConnectionManager.ConnectAsync()
2022-01-07 14:04:47.040 +08:00 [SmartLibrary.DataCenter] [Information] SkyApm.Transport.Grpc.ConnectionManager : Shutdown connection[192.168.21.71:11800].
2022-01-07 14:06:27.052 +08:00 [SmartLibrary.DataCenter] [Error] SkyApm.Transport.Grpc.ConnectionManager : Connect server timeout.
System.Threading.Tasks.TaskCanceledException: Reached deadline.
   at Grpc.Core.Channel.WaitForStateChangedAsync(ChannelState lastObservedState, Nullable`1 deadline)
   at Grpc.Core.Channel.ConnectAsync(Nullable`1 deadline)
   at SkyApm.Transport.Grpc.ConnectionManager.ConnectAsync()
2022-01-07 14:06:27.065 +08:00 [SmartLibrary.DataCenter] [Information] SkyApm.Transport.Grpc.ConnectionManager : Shutdown connection[192.168.21.71:11800].
2022-01-07 14:08:07.077 +08:00 [SmartLibrary.DataCenter] [Error] SkyApm.Transport.Grpc.ConnectionManager : Connect server timeout.
System.Threading.Tasks.TaskCanceledException: Reached deadline.
   at Grpc.Core.Channel.WaitForStateChangedAsync(ChannelState lastObservedState, Nullable`1 deadline)
   at Grpc.Core.Channel.ConnectAsync(Nullable`1 deadline)
   at SkyApm.Transport.Grpc.ConnectionManager.ConnectAsync()
2022-01-07 14:08:07.089 +08:00 [SmartLibrary.DataCenter] [Information] SkyApm.Transport.Grpc.ConnectionManager : Shutdown connection[192.168.21.71:11800].
2022-01-07 14:09:47.101 +08:00 [SmartLibrary.DataCenter] [Error] SkyApm.Transport.Grpc.ConnectionManager : Connect server timeout.
System.Threading.Tasks.TaskCanceledException: Reached deadline.
   at Grpc.Core.Channel.WaitForStateChangedAsync(ChannelState lastObservedState, Nullable`1 deadline)
   at Grpc.Core.Channel.ConnectAsync(Nullable`1 deadline)
   at SkyApm.Transport.Grpc.ConnectionManager.ConnectAsync()
2022-01-07 14:09:47.109 +08:00 [SmartLibrary.DataCenter] [Information] SkyApm.Transport.Grpc.ConnectionManager : Shutdown connection[192.168.21.71:11800].
2022-01-07 14:11:27.125 +08:00 [SmartLibrary.DataCenter] [Error] SkyApm.Transport.Grpc.ConnectionManager : Connect server timeout.
System.Threading.Tasks.TaskCanceledException: Reached deadline.
   at Grpc.Core.Channel.WaitForStateChangedAsync(ChannelState lastObservedState, Nullable`1 deadline)
   at Grpc.Core.Channel.ConnectAsync(Nullable`1 deadline)
   at SkyApm.Transport.Grpc.ConnectionManager.ConnectAsync()
2022-01-07 14:11:27.136 +08:00 [SmartLibrary.DataCenter] [Information] SkyApm.Transport.Grpc.ConnectionManager : Shutdown connection[192.168.21.71:11800].
2022-01-07 14:13:07.148 +08:00 [SmartLibrary.DataCenter] [Error] SkyApm.Transport.Grpc.ConnectionManager : Connect server timeout.
System.Threading.Tasks.TaskCanceledException: Reached deadline.
   at Grpc.Core.Channel.WaitForStateChangedAsync(ChannelState lastObservedState, Nullable`1 deadline)
   at Grpc.Core.Channel.ConnectAsync(Nullable`1 deadline)
   at SkyApm.Transport.Grpc.ConnectionManager.ConnectAsync()
2022-01-07 14:13:07.161 +08:00 [SmartLibrary.DataCenter] [Information] SkyApm.Transport.Grpc.ConnectionManager : Shutdown connection[192.168.21.71:11800].
2022-01-07 14:14:47.174 +08:00 [SmartLibrary.DataCenter] [Error] SkyApm.Transport.Grpc.ConnectionManager : Connect server timeout.
System.Threading.Tasks.TaskCanceledException: Reached deadline.
   at Grpc.Core.Channel.WaitForStateChangedAsync(ChannelState lastObservedState, Nullable`1 deadline)
   at Grpc.Core.Channel.ConnectAsync(Nullable`1 deadline)
   at SkyApm.Transport.Grpc.ConnectionManager.ConnectAsync()
2022-01-07 14:14:47.181 +08:00 [SmartLibrary.DataCenter] [Information] SkyApm.Transport.Grpc.ConnectionManager : Shutdown connection[192.168.21.71:11800].
2022-01-07 14:16:27.193 +08:00 [SmartLibrary.DataCenter] [Error] SkyApm.Transport.Grpc.ConnectionManager : Connect server timeout.
System.Threading.Tasks.TaskCanceledException: Reached deadline.
   at Grpc.Core.Channel.WaitForStateChangedAsync(ChannelState lastObservedState, Nullable`1 deadline)
   at Grpc.Core.Channel.ConnectAsync(Nullable`1 deadline)
   at SkyApm.Transport.Grpc.ConnectionManager.ConnectAsync()
2022-01-07 14:16:27.201 +08:00 [SmartLibrary.DataCenter] [Information] SkyApm.Transport.Grpc.ConnectionManager : Shutdown connection[192.168.21.71:11800].
2022-01-07 14:18:07.218 +08:00 [SmartLibrary.DataCenter] [Error] SkyApm.Transport.Grpc.ConnectionManager : Connect server timeout.
System.Threading.Tasks.TaskCanceledException: Reached deadline.
   at Grpc.Core.Channel.WaitForStateChangedAsync(ChannelState lastObservedState, Nullable`1 deadline)
   at Grpc.Core.Channel.ConnectAsync(Nullable`1 deadline)
   at SkyApm.Transport.Grpc.ConnectionManager.ConnectAsync()
2022-01-07 14:18:07.229 +08:00 [SmartLibrary.DataCenter] [Information] SkyApm.Transport.Grpc.ConnectionManager : Shutdown connection[192.168.21.71:11800].
2022-01-07 14:19:47.241 +08:00 [SmartLibrary.DataCenter] [Error] SkyApm.Transport.Grpc.ConnectionManager : Connect server timeout.
System.Threading.Tasks.TaskCanceledException: Reached deadline.
   at Grpc.Core.Channel.WaitForStateChangedAsync(ChannelState lastObservedState, Nullable`1 deadline)
   at Grpc.Core.Channel.ConnectAsync(Nullable`1 deadline)
   at SkyApm.Transport.Grpc.ConnectionManager.ConnectAsync()
2022-01-07 14:19:47.248 +08:00 [SmartLibrary.DataCenter] [Information] SkyApm.Transport.Grpc.ConnectionManager : Shutdown connection[192.168.21.71:11800].
2022-01-07 14:21:27.259 +08:00 [SmartLibrary.DataCenter] [Error] SkyApm.Transport.Grpc.ConnectionManager : Connect server timeout.
System.Threading.Tasks.TaskCanceledException: Reached deadline.
   at Grpc.Core.Channel.WaitForStateChangedAsync(ChannelState lastObservedState, Nullable`1 deadline)
   at Grpc.Core.Channel.ConnectAsync(Nullable`1 deadline)
   at SkyApm.Transport.Grpc.ConnectionManager.ConnectAsync()
2022-01-07 14:21:27.266 +08:00 [SmartLibrary.DataCenter] [Information] SkyApm.Transport.Grpc.ConnectionManager : Shutdown connection[192.168.21.71:11800].
2022-01-07 14:23:07.278 +08:00 [SmartLibrary.DataCenter] [Error] SkyApm.Transport.Grpc.ConnectionManager : Connect server timeout.
System.Threading.Tasks.TaskCanceledException: Reached deadline.
   at Grpc.Core.Channel.WaitForStateChangedAsync(ChannelState lastObservedState, Nullable`1 deadline)
   at Grpc.Core.Channel.ConnectAsync(Nullable`1 deadline)
   at SkyApm.Transport.Grpc.ConnectionManager.ConnectAsync()
2022-01-07 14:23:07.288 +08:00 [SmartLibrary.DataCenter] [Information] SkyApm.Transport.Grpc.ConnectionManager : Shutdown connection[192.168.21.71:11800].
2022-01-07 14:24:47.299 +08:00 [SmartLibrary.DataCenter] [Error] SkyApm.Transport.Grpc.ConnectionManager : Connect server timeout.
System.Threading.Tasks.TaskCanceledException: Reached deadline.
   at Grpc.Core.Channel.WaitForStateChangedAsync(ChannelState lastObservedState, Nullable`1 deadline)
   at Grpc.Core.Channel.ConnectAsync(Nullable`1 deadline)
   at SkyApm.Transport.Grpc.ConnectionManager.ConnectAsync()
2022-01-07 14:24:47.311 +08:00 [SmartLibrary.DataCenter] [Information] SkyApm.Transport.Grpc.ConnectionManager : Shutdown connection[192.168.21.71:11800].
2022-01-07 14:26:27.323 +08:00 [SmartLibrary.DataCenter] [Error] SkyApm.Transport.Grpc.ConnectionManager : Connect server timeout.
System.Threading.Tasks.TaskCanceledException: Reached deadline.
   at Grpc.Core.Channel.WaitForStateChangedAsync(ChannelState lastObservedState, Nullable`1 deadline)
   at Grpc.Core.Channel.ConnectAsync(Nullable`1 deadline)
   at SkyApm.Transport.Grpc.ConnectionManager.ConnectAsync()
2022-01-07 14:26:27.333 +08:00 [SmartLibrary.DataCenter] [Information] SkyApm.Transport.Grpc.ConnectionManager : Shutdown connection[192.168.21.71:11800].
2022-01-07 14:28:07.348 +08:00 [SmartLibrary.DataCenter] [Error] SkyApm.Transport.Grpc.ConnectionManager : Connect server timeout.
System.Threading.Tasks.TaskCanceledException: Reached deadline.
   at Grpc.Core.Channel.WaitForStateChangedAsync(ChannelState lastObservedState, Nullable`1 deadline)
   at Grpc.Core.Channel.ConnectAsync(Nullable`1 deadline)
   at SkyApm.Transport.Grpc.ConnectionManager.ConnectAsync()
2022-01-07 14:28:07.356 +08:00 [SmartLibrary.DataCenter] [Information] SkyApm.Transport.Grpc.ConnectionManager : Shutdown connection[192.168.21.71:11800].
2022-01-07 14:52:54.708 +08:00 [SmartLibrary.DataCenter] [Information] SkyApm.InstrumentStartup : Initializing ...
2022-01-07 14:52:54.779 +08:00 [SmartLibrary.DataCenter] [Information] SkyApm.Service.RegisterService : Loaded instrument service [SkyApm.Service.RegisterService].
2022-01-07 14:52:54.780 +08:00 [SmartLibrary.DataCenter] [Information] SkyApm.Service.PingService : Loaded instrument service [SkyApm.Service.PingService].
2022-01-07 14:52:54.780 +08:00 [SmartLibrary.DataCenter] [Information] SkyApm.Service.SegmentReportService : Loaded instrument service [SkyApm.Service.SegmentReportService].
2022-01-07 14:52:54.780 +08:00 [SmartLibrary.DataCenter] [Information] SkyApm.Service.CLRStatsService : Loaded instrument service [SkyApm.Service.CLRStatsService].
2022-01-07 14:52:54.780 +08:00 [SmartLibrary.DataCenter] [Information] SkyApm.Sampling.SimpleCountSamplingInterceptor : Loaded instrument service [SkyApm.Sampling.SimpleCountSamplingInterceptor].
2022-01-07 14:52:54.780 +08:00 [SmartLibrary.DataCenter] [Information] SkyApm.Transport.Grpc.ConnectService : Loaded instrument service [SkyApm.Transport.Grpc.ConnectService].
2022-01-07 14:52:54.831 +08:00 [SmartLibrary.DataCenter] [Information] SkyApm.Diagnostics.TracingDiagnosticProcessorObserver : Loaded diagnostic listener [CapDiagnosticListener].
2022-01-07 14:52:54.832 +08:00 [SmartLibrary.DataCenter] [Information] SkyApm.Diagnostics.TracingDiagnosticProcessorObserver : Loaded diagnostic listener [SqlClientDiagnosticListener].
2022-01-07 14:52:54.833 +08:00 [SmartLibrary.DataCenter] [Information] SkyApm.Diagnostics.TracingDiagnosticProcessorObserver : Loaded diagnostic listener [Microsoft.AspNetCore].
2022-01-07 14:52:54.834 +08:00 [SmartLibrary.DataCenter] [Information] SkyApm.Diagnostics.TracingDiagnosticProcessorObserver : Loaded diagnostic listener [HttpHandlerDiagnosticListener].
2022-01-07 14:52:54.834 +08:00 [SmartLibrary.DataCenter] [Information] SkyApm.InstrumentStartup : Started SkyAPM .NET Core Agent.
2022-01-07 14:54:09.635 +08:00 [SmartLibrary.DataCenter] [Information] SkyApm.Diagnostics.TracingDiagnosticProcessorObserver : Loaded diagnostic listener [Microsoft.EntityFrameworkCore].
2022-01-07 14:54:09.635 +08:00 [SmartLibrary.DataCenter] [Information] SkyApm.Diagnostics.TracingDiagnosticProcessorObserver : Loaded diagnostic listener [Microsoft.EntityFrameworkCore].
2022-01-07 14:54:09.655 +08:00 [SmartLibrary.DataCenter] [Information] SkyApm.Diagnostics.TracingDiagnosticProcessorObserver : Loaded diagnostic listener [Microsoft.EntityFrameworkCore].
2022-01-07 14:54:09.655 +08:00 [SmartLibrary.DataCenter] [Information] SkyApm.Diagnostics.TracingDiagnosticProcessorObserver : Loaded diagnostic listener [Microsoft.EntityFrameworkCore].
2022-01-07 14:54:34.889 +08:00 [SmartLibrary.DataCenter] [Error] SkyApm.Transport.Grpc.ConnectionManager : Connect server timeout.
System.Threading.Tasks.TaskCanceledException: Reached deadline.
   at Grpc.Core.Channel.WaitForStateChangedAsync(ChannelState lastObservedState, Nullable`1 deadline)
   at Grpc.Core.Channel.ConnectAsync(Nullable`1 deadline)
   at SkyApm.Transport.Grpc.ConnectionManager.ConnectAsync()
2022-01-07 14:54:34.906 +08:00 [SmartLibrary.DataCenter] [Information] SkyApm.Transport.Grpc.ConnectionManager : Shutdown connection[192.168.21.71:11800].
2022-01-07 14:56:14.919 +08:00 [SmartLibrary.DataCenter] [Error] SkyApm.Transport.Grpc.ConnectionManager : Connect server timeout.
System.Threading.Tasks.TaskCanceledException: Reached deadline.
   at Grpc.Core.Channel.WaitForStateChangedAsync(ChannelState lastObservedState, Nullable`1 deadline)
   at Grpc.Core.Channel.ConnectAsync(Nullable`1 deadline)
   at SkyApm.Transport.Grpc.ConnectionManager.ConnectAsync()
2022-01-07 14:56:14.926 +08:00 [SmartLibrary.DataCenter] [Information] SkyApm.Transport.Grpc.ConnectionManager : Shutdown connection[192.168.21.71:11800].
2022-01-07 14:57:54.940 +08:00 [SmartLibrary.DataCenter] [Error] SkyApm.Transport.Grpc.ConnectionManager : Connect server timeout.
System.Threading.Tasks.TaskCanceledException: Reached deadline.
   at Grpc.Core.Channel.WaitForStateChangedAsync(ChannelState lastObservedState, Nullable`1 deadline)
   at Grpc.Core.Channel.ConnectAsync(Nullable`1 deadline)
   at SkyApm.Transport.Grpc.ConnectionManager.ConnectAsync()
2022-01-07 14:57:54.953 +08:00 [SmartLibrary.DataCenter] [Information] SkyApm.Transport.Grpc.ConnectionManager : Shutdown connection[192.168.21.71:11800].
2022-01-07 14:59:34.965 +08:00 [SmartLibrary.DataCenter] [Error] SkyApm.Transport.Grpc.ConnectionManager : Connect server timeout.
System.Threading.Tasks.TaskCanceledException: Reached deadline.
   at Grpc.Core.Channel.WaitForStateChangedAsync(ChannelState lastObservedState, Nullable`1 deadline)
   at Grpc.Core.Channel.ConnectAsync(Nullable`1 deadline)
   at SkyApm.Transport.Grpc.ConnectionManager.ConnectAsync()
2022-01-07 14:59:34.975 +08:00 [SmartLibrary.DataCenter] [Information] SkyApm.Transport.Grpc.ConnectionManager : Shutdown connection[192.168.21.71:11800].
2022-01-07 15:01:14.988 +08:00 [SmartLibrary.DataCenter] [Error] SkyApm.Transport.Grpc.ConnectionManager : Connect server timeout.
System.Threading.Tasks.TaskCanceledException: Reached deadline.
   at Grpc.Core.Channel.WaitForStateChangedAsync(ChannelState lastObservedState, Nullable`1 deadline)
   at Grpc.Core.Channel.ConnectAsync(Nullable`1 deadline)
   at SkyApm.Transport.Grpc.ConnectionManager.ConnectAsync()
2022-01-07 15:01:15.001 +08:00 [SmartLibrary.DataCenter] [Information] SkyApm.Transport.Grpc.ConnectionManager : Shutdown connection[192.168.21.71:11800].
2022-01-07 15:02:55.021 +08:00 [SmartLibrary.DataCenter] [Error] SkyApm.Transport.Grpc.ConnectionManager : Connect server timeout.
System.Threading.Tasks.TaskCanceledException: Reached deadline.
   at Grpc.Core.Channel.WaitForStateChangedAsync(ChannelState lastObservedState, Nullable`1 deadline)
   at Grpc.Core.Channel.ConnectAsync(Nullable`1 deadline)
   at SkyApm.Transport.Grpc.ConnectionManager.ConnectAsync()
2022-01-07 15:02:55.032 +08:00 [SmartLibrary.DataCenter] [Information] SkyApm.Transport.Grpc.ConnectionManager : Shutdown connection[192.168.21.71:11800].
2022-01-07 15:04:35.044 +08:00 [SmartLibrary.DataCenter] [Error] SkyApm.Transport.Grpc.ConnectionManager : Connect server timeout.
System.Threading.Tasks.TaskCanceledException: Reached deadline.
   at Grpc.Core.Channel.WaitForStateChangedAsync(ChannelState lastObservedState, Nullable`1 deadline)
   at Grpc.Core.Channel.ConnectAsync(Nullable`1 deadline)
   at SkyApm.Transport.Grpc.ConnectionManager.ConnectAsync()
2022-01-07 15:04:35.051 +08:00 [SmartLibrary.DataCenter] [Information] SkyApm.Transport.Grpc.ConnectionManager : Shutdown connection[192.168.21.71:11800].
2022-01-07 15:06:15.065 +08:00 [SmartLibrary.DataCenter] [Error] SkyApm.Transport.Grpc.ConnectionManager : Connect server timeout.
System.Threading.Tasks.TaskCanceledException: Reached deadline.
   at Grpc.Core.Channel.WaitForStateChangedAsync(ChannelState lastObservedState, Nullable`1 deadline)
   at Grpc.Core.Channel.ConnectAsync(Nullable`1 deadline)
   at SkyApm.Transport.Grpc.ConnectionManager.ConnectAsync()
2022-01-07 15:06:15.077 +08:00 [SmartLibrary.DataCenter] [Information] SkyApm.Transport.Grpc.ConnectionManager : Shutdown connection[192.168.21.71:11800].
2022-01-07 15:07:55.092 +08:00 [SmartLibrary.DataCenter] [Error] SkyApm.Transport.Grpc.ConnectionManager : Connect server timeout.
System.Threading.Tasks.TaskCanceledException: Reached deadline.
   at Grpc.Core.Channel.WaitForStateChangedAsync(ChannelState lastObservedState, Nullable`1 deadline)
   at Grpc.Core.Channel.ConnectAsync(Nullable`1 deadline)
   at SkyApm.Transport.Grpc.ConnectionManager.ConnectAsync()
2022-01-07 15:07:55.124 +08:00 [SmartLibrary.DataCenter] [Information] SkyApm.Transport.Grpc.ConnectionManager : Shutdown connection[192.168.21.71:11800].
2022-01-07 15:09:35.172 +08:00 [SmartLibrary.DataCenter] [Error] SkyApm.Transport.Grpc.ConnectionManager : Connect server timeout.
System.Threading.Tasks.TaskCanceledException: Reached deadline.
   at Grpc.Core.Channel.WaitForStateChangedAsync(ChannelState lastObservedState, Nullable`1 deadline)
   at Grpc.Core.Channel.ConnectAsync(Nullable`1 deadline)
   at SkyApm.Transport.Grpc.ConnectionManager.ConnectAsync()
2022-01-07 15:09:35.182 +08:00 [SmartLibrary.DataCenter] [Information] SkyApm.Transport.Grpc.ConnectionManager : Shutdown connection[192.168.21.71:11800].
2022-01-07 15:11:15.207 +08:00 [SmartLibrary.DataCenter] [Error] SkyApm.Transport.Grpc.ConnectionManager : Connect server timeout.
System.Threading.Tasks.TaskCanceledException: Reached deadline.
   at Grpc.Core.Channel.WaitForStateChangedAsync(ChannelState lastObservedState, Nullable`1 deadline)
   at Grpc.Core.Channel.ConnectAsync(Nullable`1 deadline)
   at SkyApm.Transport.Grpc.ConnectionManager.ConnectAsync()
2022-01-07 15:11:15.219 +08:00 [SmartLibrary.DataCenter] [Information] SkyApm.Transport.Grpc.ConnectionManager : Shutdown connection[192.168.21.71:11800].
2022-01-07 15:11:18.886 +08:00 [SmartLibrary.DataCenter] [Information] SkyApm.Service.RegisterService : Stopped instrument service RegisterService.
2022-01-07 15:11:18.886 +08:00 [SmartLibrary.DataCenter] [Information] SkyApm.Service.PingService : Stopped instrument service PingService.
2022-01-07 15:11:18.887 +08:00 [SmartLibrary.DataCenter] [Information] SkyApm.Service.SegmentReportService : Stopped instrument service SegmentReportService.
2022-01-07 15:11:18.887 +08:00 [SmartLibrary.DataCenter] [Information] SkyApm.Service.CLRStatsService : Stopped instrument service CLRStatsService.
2022-01-07 15:11:18.887 +08:00 [SmartLibrary.DataCenter] [Information] SkyApm.Sampling.SimpleCountSamplingInterceptor : Stopped instrument service SimpleCountSamplingInterceptor.
2022-01-07 15:11:18.887 +08:00 [SmartLibrary.DataCenter] [Information] SkyApm.Transport.Grpc.ConnectService : Stopped instrument service ConnectService.
2022-01-07 15:11:18.887 +08:00 [SmartLibrary.DataCenter] [Information] SkyApm.InstrumentStartup : Stopped SkyAPM .NET Core Agent.
2022-01-07 15:11:27.202 +08:00 [SmartLibrary.DataCenter] [Information] SkyApm.InstrumentStartup : Initializing ...
2022-01-07 15:11:27.228 +08:00 [SmartLibrary.DataCenter] [Information] SkyApm.Service.RegisterService : Loaded instrument service [SkyApm.Service.RegisterService].
2022-01-07 15:11:27.228 +08:00 [SmartLibrary.DataCenter] [Information] SkyApm.Service.PingService : Loaded instrument service [SkyApm.Service.PingService].
2022-01-07 15:11:27.228 +08:00 [SmartLibrary.DataCenter] [Information] SkyApm.Service.SegmentReportService : Loaded instrument service [SkyApm.Service.SegmentReportService].
2022-01-07 15:11:27.228 +08:00 [SmartLibrary.DataCenter] [Information] SkyApm.Service.CLRStatsService : Loaded instrument service [SkyApm.Service.CLRStatsService].
2022-01-07 15:11:27.228 +08:00 [SmartLibrary.DataCenter] [Information] SkyApm.Sampling.SimpleCountSamplingInterceptor : Loaded instrument service [SkyApm.Sampling.SimpleCountSamplingInterceptor].
2022-01-07 15:11:27.228 +08:00 [SmartLibrary.DataCenter] [Information] SkyApm.Transport.Grpc.ConnectService : Loaded instrument service [SkyApm.Transport.Grpc.ConnectService].
2022-01-07 15:11:27.261 +08:00 [SmartLibrary.DataCenter] [Information] SkyApm.Diagnostics.TracingDiagnosticProcessorObserver : Loaded diagnostic listener [CapDiagnosticListener].
2022-01-07 15:11:27.265 +08:00 [SmartLibrary.DataCenter] [Information] SkyApm.Diagnostics.TracingDiagnosticProcessorObserver : Loaded diagnostic listener [SqlClientDiagnosticListener].
2022-01-07 15:11:29.203 +08:00 [SmartLibrary.DataCenter] [Information] SkyApm.Diagnostics.TracingDiagnosticProcessorObserver : Loaded diagnostic listener [Microsoft.AspNetCore].
2022-01-07 15:11:29.203 +08:00 [SmartLibrary.DataCenter] [Information] SkyApm.Diagnostics.TracingDiagnosticProcessorObserver : Loaded diagnostic listener [HttpHandlerDiagnosticListener].
2022-01-07 15:11:29.203 +08:00 [SmartLibrary.DataCenter] [Information] SkyApm.InstrumentStartup : Started SkyAPM .NET Core Agent.
2022-01-07 15:12:43.489 +08:00 [SmartLibrary.DataCenter] [Information] SkyApm.Diagnostics.TracingDiagnosticProcessorObserver : Loaded diagnostic listener [Microsoft.EntityFrameworkCore].
2022-01-07 15:12:43.508 +08:00 [SmartLibrary.DataCenter] [Information] SkyApm.Diagnostics.TracingDiagnosticProcessorObserver : Loaded diagnostic listener [Microsoft.EntityFrameworkCore].
2022-01-07 15:13:07.305 +08:00 [SmartLibrary.DataCenter] [Error] SkyApm.Transport.Grpc.ConnectionManager : Connect server timeout.
System.Threading.Tasks.TaskCanceledException: Reached deadline.
   at Grpc.Core.Channel.WaitForStateChangedAsync(ChannelState lastObservedState, Nullable`1 deadline)
   at Grpc.Core.Channel.ConnectAsync(Nullable`1 deadline)
   at SkyApm.Transport.Grpc.ConnectionManager.ConnectAsync()
2022-01-07 15:13:07.319 +08:00 [SmartLibrary.DataCenter] [Information] SkyApm.Transport.Grpc.ConnectionManager : Shutdown connection[192.168.21.71:11800].
2022-01-07 15:14:47.337 +08:00 [SmartLibrary.DataCenter] [Error] SkyApm.Transport.Grpc.ConnectionManager : Connect server timeout.
System.Threading.Tasks.TaskCanceledException: Reached deadline.
   at Grpc.Core.Channel.WaitForStateChangedAsync(ChannelState lastObservedState, Nullable`1 deadline)
   at Grpc.Core.Channel.ConnectAsync(Nullable`1 deadline)
   at SkyApm.Transport.Grpc.ConnectionManager.ConnectAsync()
2022-01-07 15:14:47.344 +08:00 [SmartLibrary.DataCenter] [Information] SkyApm.Transport.Grpc.ConnectionManager : Shutdown connection[192.168.21.71:11800].
2022-01-07 15:16:27.357 +08:00 [SmartLibrary.DataCenter] [Error] SkyApm.Transport.Grpc.ConnectionManager : Connect server timeout.
System.Threading.Tasks.TaskCanceledException: Reached deadline.
   at Grpc.Core.Channel.WaitForStateChangedAsync(ChannelState lastObservedState, Nullable`1 deadline)
   at Grpc.Core.Channel.ConnectAsync(Nullable`1 deadline)
   at SkyApm.Transport.Grpc.ConnectionManager.ConnectAsync()
2022-01-07 15:16:27.368 +08:00 [SmartLibrary.DataCenter] [Information] SkyApm.Transport.Grpc.ConnectionManager : Shutdown connection[192.168.21.71:11800].
2022-01-07 15:18:07.386 +08:00 [SmartLibrary.DataCenter] [Error] SkyApm.Transport.Grpc.ConnectionManager : Connect server timeout.
System.Threading.Tasks.TaskCanceledException: Reached deadline.
   at Grpc.Core.Channel.WaitForStateChangedAsync(ChannelState lastObservedState, Nullable`1 deadline)
   at Grpc.Core.Channel.ConnectAsync(Nullable`1 deadline)
   at SkyApm.Transport.Grpc.ConnectionManager.ConnectAsync()
2022-01-07 15:18:07.396 +08:00 [SmartLibrary.DataCenter] [Information] SkyApm.Transport.Grpc.ConnectionManager : Shutdown connection[192.168.21.71:11800].
2022-01-07 15:19:48.444 +08:00 [SmartLibrary.DataCenter] [Information] SkyApm.InstrumentStartup : Initializing ...
2022-01-07 15:19:48.474 +08:00 [SmartLibrary.DataCenter] [Information] SkyApm.Service.RegisterService : Loaded instrument service [SkyApm.Service.RegisterService].
2022-01-07 15:19:48.474 +08:00 [SmartLibrary.DataCenter] [Information] SkyApm.Service.PingService : Loaded instrument service [SkyApm.Service.PingService].
2022-01-07 15:19:48.474 +08:00 [SmartLibrary.DataCenter] [Information] SkyApm.Service.SegmentReportService : Loaded instrument service [SkyApm.Service.SegmentReportService].
2022-01-07 15:19:48.474 +08:00 [SmartLibrary.DataCenter] [Information] SkyApm.Service.CLRStatsService : Loaded instrument service [SkyApm.Service.CLRStatsService].
2022-01-07 15:19:48.474 +08:00 [SmartLibrary.DataCenter] [Information] SkyApm.Sampling.SimpleCountSamplingInterceptor : Loaded instrument service [SkyApm.Sampling.SimpleCountSamplingInterceptor].
2022-01-07 15:19:48.474 +08:00 [SmartLibrary.DataCenter] [Information] SkyApm.Transport.Grpc.ConnectService : Loaded instrument service [SkyApm.Transport.Grpc.ConnectService].
2022-01-07 15:19:48.511 +08:00 [SmartLibrary.DataCenter] [Information] SkyApm.Diagnostics.TracingDiagnosticProcessorObserver : Loaded diagnostic listener [CapDiagnosticListener].
2022-01-07 15:19:48.521 +08:00 [SmartLibrary.DataCenter] [Information] SkyApm.Diagnostics.TracingDiagnosticProcessorObserver : Loaded diagnostic listener [SqlClientDiagnosticListener].
2022-01-07 15:19:48.522 +08:00 [SmartLibrary.DataCenter] [Information] SkyApm.Diagnostics.TracingDiagnosticProcessorObserver : Loaded diagnostic listener [Microsoft.AspNetCore].
2022-01-07 15:19:48.523 +08:00 [SmartLibrary.DataCenter] [Information] SkyApm.Diagnostics.TracingDiagnosticProcessorObserver : Loaded diagnostic listener [HttpHandlerDiagnosticListener].
2022-01-07 15:19:48.523 +08:00 [SmartLibrary.DataCenter] [Information] SkyApm.InstrumentStartup : Started SkyAPM .NET Core Agent.
2022-01-07 15:20:16.949 +08:00 [SmartLibrary.DataCenter] [Information] SkyApm.Diagnostics.TracingDiagnosticProcessorObserver : Loaded diagnostic listener [Microsoft.EntityFrameworkCore].
2022-01-07 15:20:16.968 +08:00 [SmartLibrary.DataCenter] [Information] SkyApm.Diagnostics.TracingDiagnosticProcessorObserver : Loaded diagnostic listener [Microsoft.EntityFrameworkCore].
2022-01-07 15:21:28.575 +08:00 [SmartLibrary.DataCenter] [Error] SkyApm.Transport.Grpc.ConnectionManager : Connect server timeout.
System.Threading.Tasks.TaskCanceledException: Reached deadline.
   at Grpc.Core.Channel.WaitForStateChangedAsync(ChannelState lastObservedState, Nullable`1 deadline)
   at Grpc.Core.Channel.ConnectAsync(Nullable`1 deadline)
   at SkyApm.Transport.Grpc.ConnectionManager.ConnectAsync()
2022-01-07 15:21:28.589 +08:00 [SmartLibrary.DataCenter] [Information] SkyApm.Transport.Grpc.ConnectionManager : Shutdown connection[192.168.21.71:11800].
2022-01-07 15:23:08.603 +08:00 [SmartLibrary.DataCenter] [Error] SkyApm.Transport.Grpc.ConnectionManager : Connect server timeout.
System.Threading.Tasks.TaskCanceledException: Reached deadline.
   at Grpc.Core.Channel.WaitForStateChangedAsync(ChannelState lastObservedState, Nullable`1 deadline)
   at Grpc.Core.Channel.ConnectAsync(Nullable`1 deadline)
   at SkyApm.Transport.Grpc.ConnectionManager.ConnectAsync()
2022-01-07 15:23:08.612 +08:00 [SmartLibrary.DataCenter] [Information] SkyApm.Transport.Grpc.ConnectionManager : Shutdown connection[192.168.21.71:11800].
2022-01-07 15:24:48.625 +08:00 [SmartLibrary.DataCenter] [Error] SkyApm.Transport.Grpc.ConnectionManager : Connect server timeout.
System.Threading.Tasks.TaskCanceledException: Reached deadline.
   at Grpc.Core.Channel.WaitForStateChangedAsync(ChannelState lastObservedState, Nullable`1 deadline)
   at Grpc.Core.Channel.ConnectAsync(Nullable`1 deadline)
   at SkyApm.Transport.Grpc.ConnectionManager.ConnectAsync()
2022-01-07 15:24:48.636 +08:00 [SmartLibrary.DataCenter] [Information] SkyApm.Transport.Grpc.ConnectionManager : Shutdown connection[192.168.21.71:11800].
2022-01-07 15:26:28.648 +08:00 [SmartLibrary.DataCenter] [Error] SkyApm.Transport.Grpc.ConnectionManager : Connect server timeout.
System.Threading.Tasks.TaskCanceledException: Reached deadline.
   at Grpc.Core.Channel.WaitForStateChangedAsync(ChannelState lastObservedState, Nullable`1 deadline)
   at Grpc.Core.Channel.ConnectAsync(Nullable`1 deadline)
   at SkyApm.Transport.Grpc.ConnectionManager.ConnectAsync()
2022-01-07 15:26:28.659 +08:00 [SmartLibrary.DataCenter] [Information] SkyApm.Transport.Grpc.ConnectionManager : Shutdown connection[192.168.21.71:11800].
2022-01-07 15:28:08.670 +08:00 [SmartLibrary.DataCenter] [Error] SkyApm.Transport.Grpc.ConnectionManager : Connect server timeout.
System.Threading.Tasks.TaskCanceledException: Reached deadline.
   at Grpc.Core.Channel.WaitForStateChangedAsync(ChannelState lastObservedState, Nullable`1 deadline)
   at Grpc.Core.Channel.ConnectAsync(Nullable`1 deadline)
   at SkyApm.Transport.Grpc.ConnectionManager.ConnectAsync()
2022-01-07 15:28:08.678 +08:00 [SmartLibrary.DataCenter] [Information] SkyApm.Transport.Grpc.ConnectionManager : Shutdown connection[192.168.21.71:11800].
2022-01-07 15:29:48.691 +08:00 [SmartLibrary.DataCenter] [Error] SkyApm.Transport.Grpc.ConnectionManager : Connect server timeout.
System.Threading.Tasks.TaskCanceledException: Reached deadline.
   at Grpc.Core.Channel.WaitForStateChangedAsync(ChannelState lastObservedState, Nullable`1 deadline)
   at Grpc.Core.Channel.ConnectAsync(Nullable`1 deadline)
   at SkyApm.Transport.Grpc.ConnectionManager.ConnectAsync()
2022-01-07 15:29:48.698 +08:00 [SmartLibrary.DataCenter] [Information] SkyApm.Transport.Grpc.ConnectionManager : Shutdown connection[192.168.21.71:11800].
2022-01-07 15:31:28.734 +08:00 [SmartLibrary.DataCenter] [Error] SkyApm.Transport.Grpc.ConnectionManager : Connect server timeout.
System.Threading.Tasks.TaskCanceledException: Reached deadline.
   at Grpc.Core.Channel.WaitForStateChangedAsync(ChannelState lastObservedState, Nullable`1 deadline)
   at Grpc.Core.Channel.ConnectAsync(Nullable`1 deadline)
   at SkyApm.Transport.Grpc.ConnectionManager.ConnectAsync()
2022-01-07 15:31:28.746 +08:00 [SmartLibrary.DataCenter] [Information] SkyApm.Transport.Grpc.ConnectionManager : Shutdown connection[192.168.21.71:11800].
2022-01-07 15:33:08.759 +08:00 [SmartLibrary.DataCenter] [Error] SkyApm.Transport.Grpc.ConnectionManager : Connect server timeout.
System.Threading.Tasks.TaskCanceledException: Reached deadline.
   at Grpc.Core.Channel.WaitForStateChangedAsync(ChannelState lastObservedState, Nullable`1 deadline)
   at Grpc.Core.Channel.ConnectAsync(Nullable`1 deadline)
   at SkyApm.Transport.Grpc.ConnectionManager.ConnectAsync()
2022-01-07 15:33:08.770 +08:00 [SmartLibrary.DataCenter] [Information] SkyApm.Transport.Grpc.ConnectionManager : Shutdown connection[192.168.21.71:11800].
2022-01-07 15:34:48.784 +08:00 [SmartLibrary.DataCenter] [Error] SkyApm.Transport.Grpc.ConnectionManager : Connect server timeout.
System.Threading.Tasks.TaskCanceledException: Reached deadline.
   at Grpc.Core.Channel.WaitForStateChangedAsync(ChannelState lastObservedState, Nullable`1 deadline)
   at Grpc.Core.Channel.ConnectAsync(Nullable`1 deadline)
   at SkyApm.Transport.Grpc.ConnectionManager.ConnectAsync()
2022-01-07 15:34:48.796 +08:00 [SmartLibrary.DataCenter] [Information] SkyApm.Transport.Grpc.ConnectionManager : Shutdown connection[192.168.21.71:11800].
2022-01-07 15:36:28.808 +08:00 [SmartLibrary.DataCenter] [Error] SkyApm.Transport.Grpc.ConnectionManager : Connect server timeout.
System.Threading.Tasks.TaskCanceledException: Reached deadline.
   at Grpc.Core.Channel.WaitForStateChangedAsync(ChannelState lastObservedState, Nullable`1 deadline)
   at Grpc.Core.Channel.ConnectAsync(Nullable`1 deadline)
   at SkyApm.Transport.Grpc.ConnectionManager.ConnectAsync()
2022-01-07 15:36:28.818 +08:00 [SmartLibrary.DataCenter] [Information] SkyApm.Transport.Grpc.ConnectionManager : Shutdown connection[192.168.21.71:11800].
2022-01-07 15:38:08.831 +08:00 [SmartLibrary.DataCenter] [Error] SkyApm.Transport.Grpc.ConnectionManager : Connect server timeout.
System.Threading.Tasks.TaskCanceledException: Reached deadline.
   at Grpc.Core.Channel.WaitForStateChangedAsync(ChannelState lastObservedState, Nullable`1 deadline)
   at Grpc.Core.Channel.ConnectAsync(Nullable`1 deadline)
   at SkyApm.Transport.Grpc.ConnectionManager.ConnectAsync()
2022-01-07 15:38:08.843 +08:00 [SmartLibrary.DataCenter] [Information] SkyApm.Transport.Grpc.ConnectionManager : Shutdown connection[192.168.21.71:11800].
2022-01-07 15:39:48.855 +08:00 [SmartLibrary.DataCenter] [Error] SkyApm.Transport.Grpc.ConnectionManager : Connect server timeout.
System.Threading.Tasks.TaskCanceledException: Reached deadline.
   at Grpc.Core.Channel.WaitForStateChangedAsync(ChannelState lastObservedState, Nullable`1 deadline)
   at Grpc.Core.Channel.ConnectAsync(Nullable`1 deadline)
   at SkyApm.Transport.Grpc.ConnectionManager.ConnectAsync()
2022-01-07 15:39:48.862 +08:00 [SmartLibrary.DataCenter] [Information] SkyApm.Transport.Grpc.ConnectionManager : Shutdown connection[192.168.21.71:11800].
2022-01-07 15:41:28.877 +08:00 [SmartLibrary.DataCenter] [Error] SkyApm.Transport.Grpc.ConnectionManager : Connect server timeout.
System.Threading.Tasks.TaskCanceledException: Reached deadline.
   at Grpc.Core.Channel.WaitForStateChangedAsync(ChannelState lastObservedState, Nullable`1 deadline)
   at Grpc.Core.Channel.ConnectAsync(Nullable`1 deadline)
   at SkyApm.Transport.Grpc.ConnectionManager.ConnectAsync()
2022-01-07 15:41:28.890 +08:00 [SmartLibrary.DataCenter] [Information] SkyApm.Transport.Grpc.ConnectionManager : Shutdown connection[192.168.21.71:11800].
2022-01-07 15:43:08.904 +08:00 [SmartLibrary.DataCenter] [Error] SkyApm.Transport.Grpc.ConnectionManager : Connect server timeout.
System.Threading.Tasks.TaskCanceledException: Reached deadline.
   at Grpc.Core.Channel.WaitForStateChangedAsync(ChannelState lastObservedState, Nullable`1 deadline)
   at Grpc.Core.Channel.ConnectAsync(Nullable`1 deadline)
   at SkyApm.Transport.Grpc.ConnectionManager.ConnectAsync()
2022-01-07 15:43:08.915 +08:00 [SmartLibrary.DataCenter] [Information] SkyApm.Transport.Grpc.ConnectionManager : Shutdown connection[192.168.21.71:11800].
2022-01-07 15:44:48.928 +08:00 [SmartLibrary.DataCenter] [Error] SkyApm.Transport.Grpc.ConnectionManager : Connect server timeout.
System.Threading.Tasks.TaskCanceledException: Reached deadline.
   at Grpc.Core.Channel.WaitForStateChangedAsync(ChannelState lastObservedState, Nullable`1 deadline)
   at Grpc.Core.Channel.ConnectAsync(Nullable`1 deadline)
   at SkyApm.Transport.Grpc.ConnectionManager.ConnectAsync()
2022-01-07 15:44:48.942 +08:00 [SmartLibrary.DataCenter] [Information] SkyApm.Transport.Grpc.ConnectionManager : Shutdown connection[192.168.21.71:11800].
2022-01-07 15:46:28.956 +08:00 [SmartLibrary.DataCenter] [Error] SkyApm.Transport.Grpc.ConnectionManager : Connect server timeout.
System.Threading.Tasks.TaskCanceledException: Reached deadline.
   at Grpc.Core.Channel.WaitForStateChangedAsync(ChannelState lastObservedState, Nullable`1 deadline)
   at Grpc.Core.Channel.ConnectAsync(Nullable`1 deadline)
   at SkyApm.Transport.Grpc.ConnectionManager.ConnectAsync()
2022-01-07 15:46:28.967 +08:00 [SmartLibrary.DataCenter] [Information] SkyApm.Transport.Grpc.ConnectionManager : Shutdown connection[192.168.21.71:11800].
2022-01-07 15:48:08.980 +08:00 [SmartLibrary.DataCenter] [Error] SkyApm.Transport.Grpc.ConnectionManager : Connect server timeout.
System.Threading.Tasks.TaskCanceledException: Reached deadline.
   at Grpc.Core.Channel.WaitForStateChangedAsync(ChannelState lastObservedState, Nullable`1 deadline)
   at Grpc.Core.Channel.ConnectAsync(Nullable`1 deadline)
   at SkyApm.Transport.Grpc.ConnectionManager.ConnectAsync()
2022-01-07 15:48:08.993 +08:00 [SmartLibrary.DataCenter] [Information] SkyApm.Transport.Grpc.ConnectionManager : Shutdown connection[192.168.21.71:11800].
2022-01-07 15:49:49.033 +08:00 [SmartLibrary.DataCenter] [Error] SkyApm.Transport.Grpc.ConnectionManager : Connect server timeout.
System.Threading.Tasks.TaskCanceledException: Reached deadline.
   at Grpc.Core.Channel.WaitForStateChangedAsync(ChannelState lastObservedState, Nullable`1 deadline)
   at Grpc.Core.Channel.ConnectAsync(Nullable`1 deadline)
   at SkyApm.Transport.Grpc.ConnectionManager.ConnectAsync()
2022-01-07 15:49:49.046 +08:00 [SmartLibrary.DataCenter] [Information] SkyApm.Transport.Grpc.ConnectionManager : Shutdown connection[192.168.21.71:11800].
2022-01-07 15:51:29.058 +08:00 [SmartLibrary.DataCenter] [Error] SkyApm.Transport.Grpc.ConnectionManager : Connect server timeout.
System.Threading.Tasks.TaskCanceledException: Reached deadline.
   at Grpc.Core.Channel.WaitForStateChangedAsync(ChannelState lastObservedState, Nullable`1 deadline)
   at Grpc.Core.Channel.ConnectAsync(Nullable`1 deadline)
   at SkyApm.Transport.Grpc.ConnectionManager.ConnectAsync()
2022-01-07 15:51:29.065 +08:00 [SmartLibrary.DataCenter] [Information] SkyApm.Transport.Grpc.ConnectionManager : Shutdown connection[192.168.21.71:11800].
