2021-11-16 16:20:05.135 +08:00 [SmartLibrary.FileServer] [Information] SkyApm.InstrumentStartup : Initializing ...
2021-11-16 16:20:05.165 +08:00 [SmartLibrary.FileServer] [Information] SkyApm.Service.RegisterService : Loaded instrument service [SkyApm.Service.RegisterService].
2021-11-16 16:20:05.165 +08:00 [SmartLibrary.FileServer] [Information] SkyApm.Service.PingService : Loaded instrument service [SkyApm.Service.PingService].
2021-11-16 16:20:05.165 +08:00 [SmartLibrary.FileServer] [Information] SkyApm.Service.SegmentReportService : Loaded instrument service [SkyApm.Service.SegmentReportService].
2021-11-16 16:20:05.166 +08:00 [SmartLibrary.FileServer] [Information] SkyApm.Service.CLRStatsService : Loaded instrument service [SkyApm.Service.CLRStatsService].
2021-11-16 16:20:05.166 +08:00 [SmartLibrary.FileServer] [Information] SkyApm.Sampling.SimpleCountSamplingInterceptor : Loaded instrument service [SkyApm.Sampling.SimpleCountSamplingInterceptor].
2021-11-16 16:20:05.166 +08:00 [SmartLibrary.FileServer] [Information] SkyApm.Transport.Grpc.ConnectService : Loaded instrument service [SkyApm.Transport.Grpc.ConnectService].
2021-11-16 16:20:05.637 +08:00 [SmartLibrary.FileServer] [Information] SkyApm.Diagnostics.TracingDiagnosticProcessorObserver : Loaded diagnostic listener [CapDiagnosticListener].
2021-11-16 16:20:05.638 +08:00 [SmartLibrary.FileServer] [Information] SkyApm.Diagnostics.TracingDiagnosticProcessorObserver : Loaded diagnostic listener [SqlClientDiagnosticListener].
2021-11-16 16:20:05.639 +08:00 [SmartLibrary.FileServer] [Information] SkyApm.Diagnostics.TracingDiagnosticProcessorObserver : Loaded diagnostic listener [Microsoft.AspNetCore].
2021-11-16 16:20:05.639 +08:00 [SmartLibrary.FileServer] [Information] SkyApm.Diagnostics.TracingDiagnosticProcessorObserver : Loaded diagnostic listener [HttpHandlerDiagnosticListener].
2021-11-16 16:20:05.639 +08:00 [SmartLibrary.FileServer] [Information] SkyApm.InstrumentStartup : Started SkyAPM .NET Core Agent.
2021-11-16 16:21:45.906 +08:00 [SmartLibrary.FileServer] [Error] SkyApm.Transport.Grpc.ConnectionManager : Connect server timeout.
System.Threading.Tasks.TaskCanceledException: Reached deadline.
   at Grpc.Core.Channel.WaitForStateChangedAsync(ChannelState lastObservedState, Nullable`1 deadline)
   at Grpc.Core.Channel.ConnectAsync(Nullable`1 deadline)
   at SkyApm.Transport.Grpc.ConnectionManager.ConnectAsync()
2021-11-16 16:21:46.120 +08:00 [SmartLibrary.FileServer] [Information] SkyApm.Transport.Grpc.ConnectionManager : Shutdown connection[192.168.21.71:11800].
2021-11-16 16:23:26.139 +08:00 [SmartLibrary.FileServer] [Error] SkyApm.Transport.Grpc.ConnectionManager : Connect server timeout.
System.Threading.Tasks.TaskCanceledException: Reached deadline.
   at Grpc.Core.Channel.WaitForStateChangedAsync(ChannelState lastObservedState, Nullable`1 deadline)
   at Grpc.Core.Channel.ConnectAsync(Nullable`1 deadline)
   at SkyApm.Transport.Grpc.ConnectionManager.ConnectAsync()
2021-11-16 16:23:26.150 +08:00 [SmartLibrary.FileServer] [Information] SkyApm.Transport.Grpc.ConnectionManager : Shutdown connection[192.168.21.71:11800].
2021-11-16 16:25:06.164 +08:00 [SmartLibrary.FileServer] [Error] SkyApm.Transport.Grpc.ConnectionManager : Connect server timeout.
System.Threading.Tasks.TaskCanceledException: Reached deadline.
   at Grpc.Core.Channel.WaitForStateChangedAsync(ChannelState lastObservedState, Nullable`1 deadline)
   at Grpc.Core.Channel.ConnectAsync(Nullable`1 deadline)
   at SkyApm.Transport.Grpc.ConnectionManager.ConnectAsync()
2021-11-16 16:25:06.172 +08:00 [SmartLibrary.FileServer] [Information] SkyApm.Transport.Grpc.ConnectionManager : Shutdown connection[192.168.21.71:11800].
