2021-08-16 14:32:24.860 +08:00 [SmartLibrary.FileServer] [Information] SkyApm.InstrumentStartup : Initializing ...
2021-08-16 14:32:24.896 +08:00 [SmartLibrary.FileServer] [Information] SkyApm.Service.RegisterService : Loaded instrument service [SkyApm.Service.RegisterService].
2021-08-16 14:32:24.896 +08:00 [SmartLibrary.FileServer] [Information] SkyApm.Service.PingService : Loaded instrument service [SkyApm.Service.PingService].
2021-08-16 14:32:24.897 +08:00 [SmartLibrary.FileServer] [Information] SkyApm.Service.SegmentReportService : Loaded instrument service [SkyApm.Service.SegmentReportService].
2021-08-16 14:32:24.897 +08:00 [SmartLibrary.FileServer] [Information] SkyApm.Service.CLRStatsService : Loaded instrument service [SkyApm.Service.CLRStatsService].
2021-08-16 14:32:24.897 +08:00 [SmartLibrary.FileServer] [Information] SkyApm.Sampling.SimpleCountSamplingInterceptor : Loaded instrument service [SkyApm.Sampling.SimpleCountSamplingInterceptor].
2021-08-16 14:32:24.897 +08:00 [SmartLibrary.FileServer] [Information] SkyApm.Transport.Grpc.ConnectService : Loaded instrument service [SkyApm.Transport.Grpc.ConnectService].
2021-08-16 14:32:24.934 +08:00 [SmartLibrary.FileServer] [Information] SkyApm.Diagnostics.TracingDiagnosticProcessorObserver : Loaded diagnostic listener [SqlClientDiagnosticListener].
2021-08-16 14:32:24.935 +08:00 [SmartLibrary.FileServer] [Information] SkyApm.Diagnostics.TracingDiagnosticProcessorObserver : Loaded diagnostic listener [SqlClientDiagnosticListener].
2021-08-16 14:32:24.935 +08:00 [SmartLibrary.FileServer] [Information] SkyApm.Diagnostics.TracingDiagnosticProcessorObserver : Loaded diagnostic listener [HttpHandlerDiagnosticListener].
2021-08-16 14:32:24.938 +08:00 [SmartLibrary.FileServer] [Information] SkyApm.Diagnostics.TracingDiagnosticProcessorObserver : Loaded diagnostic listener [Microsoft.AspNetCore].
2021-08-16 14:32:24.938 +08:00 [SmartLibrary.FileServer] [Information] SkyApm.InstrumentStartup : Started SkyAPM .NET Core Agent.
2021-08-16 14:32:25.101 +08:00 [SmartLibrary.FileServer] [Information] SkyApm.Transport.Grpc.ConnectionManager : Connected server[192.168.21.71:11800].
2021-08-16 14:32:25.460 +08:00 [SmartLibrary.FileServer] [Information] SkyApm.Service.RegisterService : Reported Service Instance Properties[Service=SmartLibrary.FileServer,InstanceId=192.168.21.75@fc9257df3a8142ed8f382701571fc24f].
2021-08-16 14:32:29.971 +08:00 [SmartLibrary.FileServer] [Information] SkyApm.Transport.Grpc.V8.SegmentReporter : Report 1 trace segment. cost: 00:00:00.0550143s
2021-08-16 14:32:31.962 +08:00 [SmartLibrary.FileServer] [Information] SkyApm.Transport.Grpc.V8.SegmentReporter : Report 1 trace segment. cost: 00:00:00.0532925s
2021-08-16 14:32:42.460 +08:00 [SmartLibrary.FileServer] [Information] SkyApm.Transport.Grpc.V8.SegmentReporter : Report 2 trace segment. cost: 00:00:00.5469512s
2021-08-16 14:32:51.948 +08:00 [SmartLibrary.FileServer] [Information] SkyApm.Transport.Grpc.V8.SegmentReporter : Report 1 trace segment. cost: 00:00:00.0488308s
2021-08-16 14:32:53.948 +08:00 [SmartLibrary.FileServer] [Information] SkyApm.Transport.Grpc.V8.SegmentReporter : Report 1 trace segment. cost: 00:00:00.0501747s
2021-08-16 14:32:54.911 +08:00 [SmartLibrary.FileServer] [Information] SkyApm.Service.PingService : Ping server @2021/8/16 6:32:54 +00:00
2021-08-16 14:32:54.956 +08:00 [SmartLibrary.FileServer] [Information] SkyApm.Service.CLRStatsService : Report CLR Stats. CPU UsagePercent 0 GenCollectCount 0 0 0 18M ThreadPool 32764 32767 1000 1000
2021-08-16 14:32:56.286 +08:00 [SmartLibrary.FileServer] [Information] SkyApm.Service.RegisterService : Stopped instrument service RegisterService.
2021-08-16 14:32:56.286 +08:00 [SmartLibrary.FileServer] [Information] SkyApm.Service.PingService : Stopped instrument service PingService.
2021-08-16 14:32:56.286 +08:00 [SmartLibrary.FileServer] [Information] SkyApm.Service.SegmentReportService : Stopped instrument service SegmentReportService.
2021-08-16 14:32:56.286 +08:00 [SmartLibrary.FileServer] [Information] SkyApm.Service.CLRStatsService : Stopped instrument service CLRStatsService.
2021-08-16 14:32:56.286 +08:00 [SmartLibrary.FileServer] [Information] SkyApm.Sampling.SimpleCountSamplingInterceptor : Stopped instrument service SimpleCountSamplingInterceptor.
2021-08-16 14:32:56.286 +08:00 [SmartLibrary.FileServer] [Information] SkyApm.Transport.Grpc.ConnectService : Stopped instrument service ConnectService.
2021-08-16 14:32:56.286 +08:00 [SmartLibrary.FileServer] [Information] SkyApm.InstrumentStartup : Stopped SkyAPM .NET Core Agent.
